#
# There is insufficient memory for the Java Runtime Environment to continue.
# Native memory allocation (mmap) failed to map 266338304 bytes for G1 virtual space
# Possible reasons:
#   The system is out of physical RAM or swap space
#   The process is running with CompressedOops enabled, and the Java Heap may be blocking the growth of the native heap
# Possible solutions:
#   Reduce memory load on the system
#   Increase physical memory or swap space
#   Check if swap backing store is full
#   Decrease Java heap size (-Xmx/-Xms)
#   Decrease number of Java threads
#   Decrease Java thread stack sizes (-Xss)
#   Set larger code cache with -XX:ReservedCodeCacheSize=
#   JVM is running with Zero Based Compressed Oops mode in which the Java heap is
#     placed in the first 32GB address space. The Java Heap base address is the
#     maximum limit for the native heap growth. Please use -XX:HeapBaseMinAddress
#     to set the Java Heap base and to place the Java Heap above 32GB virtual address.
# This output file may be truncated or incomplete.
#
#  Out of Memory Error (os_windows.cpp:3469), pid=9756, tid=19424
#
# JRE version:  (17.0.1+12) (build )
# Java VM: Java HotSpot(TM) 64-Bit Server VM (17.0.1+12-LTS-39, mixed mode, sharing, tiered, compressed oops, compressed class ptrs, g1 gc, windows-amd64)
# No core dump will be written. Minidumps are not enabled by default on client versions of Windows
#

---------------  S U M M A R Y ------------

Command Line: -agentlib:jdwp=transport=dt_socket,address=127.0.0.1:61500,suspend=y,server=n -javaagent:C:\Users\micko\AppData\Local\JetBrains\IdeaIC2021.3\captureAgent\debugger-agent.jar -Dfile.encoding=UTF-8 com.websovellusprojektiR5.R5_RestAPI.R5RestApiApplication

Host: Intel(R) Core(TM) i5-10210U CPU @ 1.60GHz, 8 cores, 15G,  Windows 10 , 64 bit Build 22000 (10.0.22000.434)
Time: Wed Apr 13 21:29:56 2022 Suomen kesäaika elapsed time: 0.107246 seconds (0d 0h 0m 0s)

---------------  T H R E A D  ---------------

Current thread (0x000001ea598bc040):  JavaThread "Unknown thread" [_thread_in_vm, id=19424, stack(0x000000c838500000,0x000000c838600000)]

Stack: [0x000000c838500000,0x000000c838600000]
Native frames: (J=compiled Java code, j=interpreted, Vv=VM code, C=native code)
V  [jvm.dll+0x66fa1a]
V  [jvm.dll+0x7ce5a4]
V  [jvm.dll+0x7cfd4e]
V  [jvm.dll+0x7d03b3]
V  [jvm.dll+0x242b05]
V  [jvm.dll+0x66ca39]
V  [jvm.dll+0x661502]
V  [jvm.dll+0x30081b]
V  [jvm.dll+0x307da6]
V  [jvm.dll+0x357a1e]
V  [jvm.dll+0x357c4f]
V  [jvm.dll+0x2d7ad8]
V  [jvm.dll+0x2d8a44]
V  [jvm.dll+0x7a01e1]
V  [jvm.dll+0x365791]
V  [jvm.dll+0x77f6cc]
V  [jvm.dll+0x3e812f]
V  [jvm.dll+0x3e9bd1]
C  [jli.dll+0x527b]
C  [ucrtbase.dll+0x26c0c]
C  [KERNEL32.DLL+0x154e0]
C  [ntdll.dll+0x485b]


---------------  P R O C E S S  ---------------

Threads class SMR info:
_java_thread_list=0x00007ff9a80b7818, length=0, elements={
}

Java Threads: ( => current thread )

Other Threads:
  0x000001ea5990d500 GCTaskThread "GC Thread#0" [stack: 0x000000c838600000,0x000000c838700000] [id=5016]
  0x000001ea599200f0 ConcurrentGCThread "G1 Main Marker" [stack: 0x000000c838700000,0x000000c838800000] [id=24820]
  0x000001ea59920b00 ConcurrentGCThread "G1 Conc#0" [stack: 0x000000c838800000,0x000000c838900000] [id=28388]

[error occurred during error reporting (printing all threads), id 0xc0000005, EXCEPTION_ACCESS_VIOLATION (0xc0000005) at pc=0x00007ff9a79084b7]

VM state: not at safepoint (not fully initialized)

VM Mutex/Monitor currently owned by a thread:  ([mutex/lock_event])
[0x000001ea598b83a0] Heap_lock - owner thread: 0x000001ea598bc040

Heap address: 0x0000000702800000, size: 4056 MB, Compressed Oops mode: Zero based, Oop shift amount: 3

CDS archive(s) mapped at: [0x0000000000000000-0x0000000000000000-0x0000000000000000), size 0, SharedBaseAddress: 0x0000000800000000, ArchiveRelocationMode: 0.
Narrow klass base: 0x0000000000000000, Narrow klass shift: 0, Narrow klass range: 0x0

GC Precious Log:
<Empty>

Heap:
 garbage-first heap   total 0K, used 0K [0x0000000702800000, 0x0000000800000000)
  region size 2048K, 0 young (0K), 0 survivors (0K)

[error occurred during error reporting (printing heap information), id 0xc0000005, EXCEPTION_ACCESS_VIOLATION (0xc0000005) at pc=0x00007ff9a7ce8d89]

GC Heap History (0 events):
No events

Deoptimization events (0 events):
No events

Classes unloaded (0 events):
No events

Classes redefined (0 events):
No events

Internal exceptions (0 events):
No events

VM Operations (0 events):
No events

Events (2 events):
Event: 0.098 Loaded shared library C:\Program Files\Java\jdk-17.0.1\bin\java.dll
Event: 0.101 Loaded shared library C:\Program Files\Java\jdk-17.0.1\bin\zip.dll


Dynamic libraries:
0x00007ff7492b0000 - 0x00007ff7492c0000 	C:\Program Files\Java\jdk-17.0.1\bin\java.exe
0x00007ff9f50a0000 - 0x00007ff9f52a9000 	C:\WINDOWS\SYSTEM32\ntdll.dll
0x00007ff9f43e0000 - 0x00007ff9f449d000 	C:\WINDOWS\System32\KERNEL32.DLL
0x00007ff9f2730000 - 0x00007ff9f2aa4000 	C:\WINDOWS\System32\KERNELBASE.dll
0x00007ff9f2b20000 - 0x00007ff9f2c31000 	C:\WINDOWS\System32\ucrtbase.dll
0x00007ff9edb90000 - 0x00007ff9edba8000 	C:\Program Files\Java\jdk-17.0.1\bin\jli.dll
0x00007ff9f0420000 - 0x00007ff9f043a000 	C:\Program Files\Java\jdk-17.0.1\bin\VCRUNTIME140.dll
0x00007ff9f4be0000 - 0x00007ff9f4c8e000 	C:\WINDOWS\System32\ADVAPI32.dll
0x00007ff9f4b30000 - 0x00007ff9f4bd3000 	C:\WINDOWS\System32\msvcrt.dll
0x00007ff9f44a0000 - 0x00007ff9f453e000 	C:\WINDOWS\System32\sechost.dll
0x00007ff9f4ed0000 - 0x00007ff9f4ff0000 	C:\WINDOWS\System32\RPCRT4.dll
0x00007ff9f3700000 - 0x00007ff9f38ac000 	C:\WINDOWS\System32\USER32.dll
0x00007ff9dacb0000 - 0x00007ff9daf55000 	C:\WINDOWS\WinSxS\amd64_microsoft.windows.common-controls_6595b64144ccf1df_6.0.22000.120_none_9d947278b86cc467\COMCTL32.dll
0x00007ff9f2ce0000 - 0x00007ff9f2d06000 	C:\WINDOWS\System32\win32u.dll
0x00007ff9f3c50000 - 0x00007ff9f3c79000 	C:\WINDOWS\System32\GDI32.dll
0x00007ff9f2590000 - 0x00007ff9f26a2000 	C:\WINDOWS\System32\gdi32full.dll
0x00007ff9f2c40000 - 0x00007ff9f2cdd000 	C:\WINDOWS\System32\msvcp_win.dll
0x00007ff9ec400000 - 0x00007ff9ec40a000 	C:\WINDOWS\SYSTEM32\VERSION.dll
0x00007ff9f4540000 - 0x00007ff9f4571000 	C:\WINDOWS\System32\IMM32.DLL
0x00007ff9f0410000 - 0x00007ff9f041c000 	C:\Program Files\Java\jdk-17.0.1\bin\vcruntime140_1.dll
0x00007ff9ca8b0000 - 0x00007ff9ca93d000 	C:\Program Files\Java\jdk-17.0.1\bin\msvcp140.dll
0x00007ff9a7620000 - 0x00007ff9a81de000 	C:\Program Files\Java\jdk-17.0.1\bin\server\jvm.dll
0x00007ff9f2f40000 - 0x00007ff9f2f48000 	C:\WINDOWS\System32\PSAPI.DLL
0x00007ff9d4c70000 - 0x00007ff9d4c79000 	C:\WINDOWS\SYSTEM32\WSOCK32.dll
0x00007ff9ec410000 - 0x00007ff9ec443000 	C:\WINDOWS\SYSTEM32\WINMM.dll
0x00007ff9f4e60000 - 0x00007ff9f4ecf000 	C:\WINDOWS\System32\WS2_32.dll
0x00007ff9f1780000 - 0x00007ff9f1798000 	C:\WINDOWS\SYSTEM32\kernel.appcore.dll
0x00007ff9edf00000 - 0x00007ff9edf0a000 	C:\Program Files\Java\jdk-17.0.1\bin\jimage.dll
0x00007ff9f0010000 - 0x00007ff9f0231000 	C:\WINDOWS\SYSTEM32\DBGHELP.DLL
0x00007ff9d38b0000 - 0x00007ff9d38e1000 	C:\WINDOWS\SYSTEM32\dbgcore.DLL
0x00007ff9f26b0000 - 0x00007ff9f272f000 	C:\WINDOWS\System32\bcryptPrimitives.dll
0x00007ff9ec550000 - 0x00007ff9ec58b000 	C:\Program Files\Java\jdk-17.0.1\bin\jdwp.dll
0x00007ff9ece70000 - 0x00007ff9ece7e000 	C:\Program Files\Java\jdk-17.0.1\bin\instrument.dll
0x00007ff9ec950000 - 0x00007ff9ec975000 	C:\Program Files\Java\jdk-17.0.1\bin\java.dll
0x00007ff9ec6d0000 - 0x00007ff9ec6e8000 	C:\Program Files\Java\jdk-17.0.1\bin\zip.dll

dbghelp: loaded successfully - version: 4.0.5 - missing functions: none
symbol engine: initialized successfully - sym options: 0x614 - pdb path: .;C:\Program Files\Java\jdk-17.0.1\bin;C:\WINDOWS\SYSTEM32;C:\WINDOWS\WinSxS\amd64_microsoft.windows.common-controls_6595b64144ccf1df_6.0.22000.120_none_9d947278b86cc467;C:\Program Files\Java\jdk-17.0.1\bin\server

VM Arguments:
jvm_args: -agentlib:jdwp=transport=dt_socket,address=127.0.0.1:61500,suspend=y,server=n -javaagent:C:\Users\micko\AppData\Local\JetBrains\IdeaIC2021.3\captureAgent\debugger-agent.jar -Dfile.encoding=UTF-8 
java_command: com.websovellusprojektiR5.R5_RestAPI.R5RestApiApplication
java_class_path (initial): C:\bin\WebSovellusprojektiR5\target\classes;C:\Users\micko\.m2\repository\org\springframework\boot\spring-boot-starter-data-jpa\2.6.4\spring-boot-starter-data-jpa-2.6.4.jar;C:\Users\micko\.m2\repository\org\springframework\boot\spring-boot-starter-aop\2.6.4\spring-boot-starter-aop-2.6.4.jar;C:\Users\micko\.m2\repository\org\aspectj\aspectjweaver\1.9.7\aspectjweaver-1.9.7.jar;C:\Users\micko\.m2\repository\org\springframework\boot\spring-boot-starter-jdbc\2.6.4\spring-boot-starter-jdbc-2.6.4.jar;C:\Users\micko\.m2\repository\org\springframework\spring-jdbc\5.3.16\spring-jdbc-5.3.16.jar;C:\Users\micko\.m2\repository\jakarta\transaction\jakarta.transaction-api\1.3.3\jakarta.transaction-api-1.3.3.jar;C:\Users\micko\.m2\repository\jakarta\persistence\jakarta.persistence-api\2.2.3\jakarta.persistence-api-2.2.3.jar;C:\Users\micko\.m2\repository\org\hibernate\hibernate-core\5.6.5.Final\hibernate-core-5.6.5.Final.jar;C:\Users\micko\.m2\repository\org\jboss\logging\jboss-logging\3.4.3.Final\jboss-logging-3.4.3.Final.jar;C:\Users\micko\.m2\repository\net\bytebuddy\byte-buddy\1.11.22\byte-buddy-1.11.22.jar;C:\Users\micko\.m2\repository\antlr\antlr\2.7.7\antlr-2.7.7.jar;C:\Users\micko\.m2\repository\org\jboss\jandex\2.4.2.Final\jandex-2.4.2.Final.jar;C:\Users\micko\.m2\repository\com\fasterxml\classmate\1.5.1\classmate-1.5.1.jar;C:\Users\micko\.m2\repository\org\hibernate\common\hibernate-commons-annotations\5.1.2.Final\hibernate-commons-annotations-5.1.2.Final.jar;C:\Users\micko\.m2\repository\org\glassfish\jaxb\jaxb-runtime\2.3.6\jaxb-runtime-2.3.6.jar;C:\Users\micko\.m2\repository\org\glassfish\jaxb\txw2\2.3.6\txw2-2.3.6.jar;C:\Users\micko\.m2\repository\com\sun\istack\istack-commons-runtime\3.0.12\istack-commons-runtime-3.0.12.jar;C:\Users\micko\.m2\repository\com\sun\activation\jakarta.activation\1.2.2\jakarta.activation-1.2.2.jar;C:\Users\micko\.m2\repository\org\springframework\data\spring-data-jpa\2.6.2\spring-data-jpa-2.6.2.jar;C:\Users\micko
Launcher Type: SUN_STANDARD

[Global flags]
     intx CICompilerCount                          = 4                                         {product} {ergonomic}
     uint ConcGCThreads                            = 2                                         {product} {ergonomic}
     uint G1ConcRefinementThreads                  = 8                                         {product} {ergonomic}
   size_t G1HeapRegionSize                         = 2097152                                   {product} {ergonomic}
    uintx GCDrainStackTargetSize                   = 64                                        {product} {ergonomic}
   size_t InitialHeapSize                          = 266338304                                 {product} {ergonomic}
   size_t MarkStackSize                            = 4194304                                   {product} {ergonomic}
   size_t MaxHeapSize                              = 4253024256                                {product} {ergonomic}
   size_t MinHeapDeltaBytes                        = 2097152                                   {product} {ergonomic}
   size_t MinHeapSize                              = 8388608                                   {product} {ergonomic}
    uintx NonNMethodCodeHeapSize                   = 5839372                                {pd product} {ergonomic}
    uintx NonProfiledCodeHeapSize                  = 122909434                              {pd product} {ergonomic}
    uintx ProfiledCodeHeapSize                     = 122909434                              {pd product} {ergonomic}
    uintx ReservedCodeCacheSize                    = 251658240                              {pd product} {ergonomic}
     bool SegmentedCodeCache                       = true                                      {product} {ergonomic}
   size_t SoftMaxHeapSize                          = 4253024256                             {manageable} {ergonomic}
     bool UseCompressedClassPointers               = true                           {product lp64_product} {ergonomic}
     bool UseCompressedOops                        = true                           {product lp64_product} {ergonomic}
     bool UseG1GC                                  = true                                      {product} {ergonomic}
     bool UseLargePagesIndividualAllocation        = false                                  {pd product} {ergonomic}

Logging:
Log output configuration:
 #0: stdout all=warning uptime,level,tags
 #1: stderr all=off uptime,level,tags

Environment Variables:
PATH=C:\Program Files\Common Files\Oracle\Java\javapath;C:\Python39\Scripts\;C:\Python39\;C:\WINDOWS\system32;C:\WINDOWS;C:\WINDOWS\System32\Wbem;C:\WINDOWS\System32\WindowsPowerShell\v1.0\;C:\WINDOWS\System32\OpenSSH\;C:\Program Files\Microsoft SQL Server\130\Tools\Binn\;C:\Program Files (x86)\PuTTY\;C:\Program Files (x86)\Microsoft SQL Server\150\DTS\Binn\;C:\Program Files\Azure Data Studio\bin;C:\Program Files\Git\cmd;C:\ProgramData\chocolatey\bin;C:\Program Files\nodejs\;C:\Program Files\Amazon\AWSCLIV2\;C:\Users\micko\AppData\Local\Microsoft\WindowsApps;;C:\Users\micko\AppData\Local\Programs\Microsoft VS Code\bin;C:\Program Files\Azure Data Studio\bin;C:\Users\micko\AppData\Roaming\npm;C:\Program Files\JetBrains\IntelliJ IDEA Community Edition 2021.3.1\bin;;C:\Program Files\heroku\bin
USERNAME=micko
OS=Windows_NT
PROCESSOR_IDENTIFIER=Intel64 Family 6 Model 142 Stepping 12, GenuineIntel



---------------  S Y S T E M  ---------------

OS:
 Windows 10 , 64 bit Build 22000 (10.0.22000.434)
OS uptime: 7 days 0:24 hours

CPU: total 8 (initial active 8) (4 cores per cpu, 2 threads per core) family 6 model 142 stepping 12 microcode 0xec, cx8, cmov, fxsr, ht, mmx, 3dnowpref, sse, sse2, sse3, ssse3, sse4.1, sse4.2, popcnt, lzcnt, tsc, tscinvbit, avx, avx2, aes, erms, clmul, bmi1, bmi2, adx, fma, vzeroupper, clflush, clflushopt

Memory: 4k page, system-wide physical 16221M (750M free)
TotalPageFile size 46583M (AvailPageFile size 86M)
current process WorkingSet (physical memory assigned to process): 10M, peak: 10M
current process commit charge ("private bytes"): 60M, peak: 314M

vm_info: Java HotSpot(TM) 64-Bit Server VM (17.0.1+12-LTS-39) for windows-amd64 JRE (17.0.1+12-LTS-39), built on Sep 27 2021 18:41:35 by "mach5one" with MS VC++ 16.8 (VS2019)

END.
