#
# There is insufficient memory for the Java Runtime Environment to continue.
# Native memory allocation (mmap) failed to map 102760448 bytes for G1 virtual space
# Possible reasons:
#   The system is out of physical RAM or swap space
#   The process is running with CompressedOops enabled, and the Java Heap may be blocking the growth of the native heap
# Possible solutions:
#   Reduce memory load on the system
#   Increase physical memory or swap space
#   Check if swap backing store is full
#   Decrease Java heap size (-Xmx/-Xms)
#   Decrease number of Java threads
#   Decrease Java thread stack sizes (-Xss)
#   Set larger code cache with -XX:ReservedCodeCacheSize=
#   JVM is running with Zero Based Compressed Oops mode in which the Java heap is
#     placed in the first 32GB address space. The Java Heap base address is the
#     maximum limit for the native heap growth. Please use -XX:HeapBaseMinAddress
#     to set the Java Heap base and to place the Java Heap above 32GB virtual address.
# This output file may be truncated or incomplete.
#
#  Out of Memory Error (os_windows.cpp:3469), pid=18588, tid=17832
#
# JRE version: Java(TM) SE Runtime Environment (17.0.1+12) (build 17.0.1+12-LTS-39)
# Java VM: Java HotSpot(TM) 64-Bit Server VM (17.0.1+12-LTS-39, mixed mode, sharing, tiered, compressed oops, compressed class ptrs, g1 gc, windows-amd64)
# No core dump will be written. Minidumps are not enabled by default on client versions of Windows
#

---------------  S U M M A R Y ------------

Command Line: -agentlib:jdwp=transport=dt_socket,address=127.0.0.1:61476,suspend=y,server=n -javaagent:C:\Users\micko\AppData\Local\JetBrains\IdeaIC2021.3\captureAgent\debugger-agent.jar -Dfile.encoding=UTF-8 com.websovellusprojektiR5.R5_RestAPI.R5RestApiApplication

Host: Intel(R) Core(TM) i5-10210U CPU @ 1.60GHz, 8 cores, 15G,  Windows 10 , 64 bit Build 22000 (10.0.22000.434)
Time: Wed Apr 13 21:29:36 2022 Suomen kesäaika elapsed time: 17.597539 seconds (0d 0h 0m 17s)

---------------  T H R E A D  ---------------

Current thread (0x00000201e449d1b0):  VMThread "VM Thread" [stack: 0x0000008748400000,0x0000008748500000] [id=17832]

Stack: [0x0000008748400000,0x0000008748500000]
Native frames: (J=compiled Java code, j=interpreted, Vv=VM code, C=native code)
V  [jvm.dll+0x66fa1a]
V  [jvm.dll+0x7ce5a4]
V  [jvm.dll+0x7cfd4e]
V  [jvm.dll+0x7d03b3]
V  [jvm.dll+0x242b05]
V  [jvm.dll+0x66ca39]
V  [jvm.dll+0x661502]
V  [jvm.dll+0x30081b]
V  [jvm.dll+0x307da6]
V  [jvm.dll+0x357a1e]
V  [jvm.dll+0x357c4f]
V  [jvm.dll+0x2d7ad8]
V  [jvm.dll+0x2d5da4]
V  [jvm.dll+0x2d53ac]
V  [jvm.dll+0x318d0b]
V  [jvm.dll+0x7d484b]
V  [jvm.dll+0x7d5584]
V  [jvm.dll+0x7d5a9c]
V  [jvm.dll+0x7d5e74]
V  [jvm.dll+0x7d5f40]
V  [jvm.dll+0x77e91a]
V  [jvm.dll+0x66e845]
C  [ucrtbase.dll+0x26c0c]
C  [KERNEL32.DLL+0x154e0]
C  [ntdll.dll+0x485b]

VM_Operation (0x0000008747efb730): G1CollectForAllocation, mode: safepoint, requested by thread 0x00000201bf90cb10


---------------  P R O C E S S  ---------------

Threads class SMR info:
_java_thread_list=0x00000201e59267a0, length=21, elements={
0x00000201bf90cb10, 0x00000201e44a1540, 0x00000201e44a4f60, 0x00000201e44b8500,
0x00000201e44b8eb0, 0x00000201e44b9860, 0x00000201e44bc220, 0x00000201e44bdf10,
0x00000201e44be9b0, 0x00000201e44bf3a0, 0x00000201e448c360, 0x00000201e51769e0,
0x00000201e517b1c0, 0x00000201e517b6b0, 0x00000201e521c690, 0x00000201e7dd5db0,
0x00000201e88a0050, 0x00000201e6977fa0, 0x00000201e9fd28c0, 0x00000201e9cd97e0,
0x00000201e98f83a0
}

Java Threads: ( => current thread )
  0x00000201bf90cb10 JavaThread "main" [_thread_blocked, id=16912, stack(0x0000008747e00000,0x0000008747f00000)]
  0x00000201e44a1540 JavaThread "Reference Handler" daemon [_thread_blocked, id=30492, stack(0x0000008748500000,0x0000008748600000)]
  0x00000201e44a4f60 JavaThread "Finalizer" daemon [_thread_blocked, id=23852, stack(0x0000008748600000,0x0000008748700000)]
  0x00000201e44b8500 JavaThread "Signal Dispatcher" daemon [_thread_blocked, id=9100, stack(0x0000008748700000,0x0000008748800000)]
  0x00000201e44b8eb0 JavaThread "Attach Listener" daemon [_thread_blocked, id=18152, stack(0x0000008748800000,0x0000008748900000)]
  0x00000201e44b9860 JavaThread "Service Thread" daemon [_thread_blocked, id=20064, stack(0x0000008748900000,0x0000008748a00000)]
  0x00000201e44bc220 JavaThread "Monitor Deflation Thread" daemon [_thread_blocked, id=25872, stack(0x0000008748a00000,0x0000008748b00000)]
  0x00000201e44bdf10 JavaThread "C2 CompilerThread0" daemon [_thread_blocked, id=27952, stack(0x0000008748b00000,0x0000008748c00000)]
  0x00000201e44be9b0 JavaThread "C1 CompilerThread0" daemon [_thread_blocked, id=22544, stack(0x0000008748c00000,0x0000008748d00000)]
  0x00000201e44bf3a0 JavaThread "Sweeper thread" daemon [_thread_blocked, id=29396, stack(0x0000008748d00000,0x0000008748e00000)]
  0x00000201e448c360 JavaThread "Common-Cleaner" daemon [_thread_blocked, id=21616, stack(0x0000008748e00000,0x0000008748f00000)]
  0x00000201e51769e0 JavaThread "JDWP Transport Listener: dt_socket" daemon [_thread_blocked, id=16936, stack(0x0000008748f00000,0x0000008749000000)]
  0x00000201e517b1c0 JavaThread "JDWP Event Helper Thread" daemon [_thread_blocked, id=31124, stack(0x0000008749000000,0x0000008749100000)]
  0x00000201e517b6b0 JavaThread "JDWP Command Reader" daemon [_thread_in_native, id=28636, stack(0x0000008749100000,0x0000008749200000)]
  0x00000201e521c690 JavaThread "Notification Thread" daemon [_thread_blocked, id=8400, stack(0x0000008749200000,0x0000008749300000)]
  0x00000201e7dd5db0 JavaThread "Catalina-utility-1" [_thread_blocked, id=22320, stack(0x0000008749d00000,0x0000008749e00000)]
  0x00000201e88a0050 JavaThread "Catalina-utility-2" [_thread_blocked, id=31856, stack(0x0000008749e00000,0x0000008749f00000)]
  0x00000201e6977fa0 JavaThread "container-0" [_thread_blocked, id=11560, stack(0x0000008749f00000,0x000000874a000000)]
  0x00000201e9fd28c0 JavaThread "Tomcat JDBC Pool Cleaner[491044090:1649874565424]" daemon [_thread_blocked, id=17580, stack(0x000000874a000000,0x000000874a100000)]
  0x00000201e9cd97e0 JavaThread "C2 CompilerThread1" daemon [_thread_blocked, id=30632, stack(0x0000008749c00000,0x0000008749d00000)]
  0x00000201e98f83a0 JavaThread "C2 CompilerThread2" daemon [_thread_blocked, id=19176, stack(0x000000874a200000,0x000000874a300000)]

Other Threads:
=>0x00000201e449d1b0 VMThread "VM Thread" [stack: 0x0000008748400000,0x0000008748500000] [id=17832]
  0x00000201e5252da0 WatcherThread [stack: 0x0000008749300000,0x0000008749400000] [id=28120]
  0x00000201bf95dd10 GCTaskThread "GC Thread#0" [stack: 0x0000008747f00000,0x0000008748000000] [id=12720]
  0x00000201e597bc90 GCTaskThread "GC Thread#1" [stack: 0x0000008749400000,0x0000008749500000] [id=31364]
  0x00000201e56a6fc0 GCTaskThread "GC Thread#2" [stack: 0x0000008749500000,0x0000008749600000] [id=14112]
  0x00000201e56a7270 GCTaskThread "GC Thread#3" [stack: 0x0000008749600000,0x0000008749700000] [id=4552]
  0x00000201e5baee20 GCTaskThread "GC Thread#4" [stack: 0x0000008749700000,0x0000008749800000] [id=10452]
  0x00000201e5baf0d0 GCTaskThread "GC Thread#5" [stack: 0x0000008749800000,0x0000008749900000] [id=27620]
  0x00000201e576bca0 GCTaskThread "GC Thread#6" [stack: 0x0000008749900000,0x0000008749a00000] [id=30424]
  0x00000201e576bf50 GCTaskThread "GC Thread#7" [stack: 0x0000008749a00000,0x0000008749b00000] [id=31116]
  0x00000201bf96e9e0 ConcurrentGCThread "G1 Main Marker" [stack: 0x0000008748000000,0x0000008748100000] [id=5404]
  0x00000201bf971bb0 ConcurrentGCThread "G1 Conc#0" [stack: 0x0000008748100000,0x0000008748200000] [id=32176]
  0x00000201e8191d50 ConcurrentGCThread "G1 Conc#1" [stack: 0x0000008749b00000,0x0000008749c00000] [id=8000]
  0x00000201e43584f0 ConcurrentGCThread "G1 Refine#0" [stack: 0x0000008748200000,0x0000008748300000] [id=3984]
  0x00000201e4358f10 ConcurrentGCThread "G1 Service" [stack: 0x0000008748300000,0x0000008748400000] [id=21976]

Threads with active compile tasks:
C2 CompilerThread0    17642 5198   !   4       org.springframework.core.annotation.AnnotationsScanner::processMethodHierarchy (276 bytes)
C2 CompilerThread1    17642 5185       4       java.util.concurrent.ConcurrentMap::computeIfAbsent (51 bytes)
C2 CompilerThread2    17643 5194       4       org.springframework.core.annotation.AnnotationsScanner::getBaseTypeMethods (145 bytes)

VM state: at safepoint (normal execution)

VM Mutex/Monitor currently owned by a thread:  ([mutex/lock_event])
[0x00000201bf909b60] Threads_lock - owner thread: 0x00000201e449d1b0
[0x00000201bf909a40] Heap_lock - owner thread: 0x00000201bf90cb10

Heap address: 0x0000000702800000, size: 4056 MB, Compressed Oops mode: Zero based, Oop shift amount: 3

CDS archive(s) mapped at: [0x0000000800000000-0x0000000800bc0000-0x0000000800bc0000), size 12320768, SharedBaseAddress: 0x0000000800000000, ArchiveRelocationMode: 0.
Compressed class space mapped at: 0x0000000800c00000-0x0000000840c00000, reserved size: 1073741824
Narrow klass base: 0x0000000800000000, Narrow klass shift: 0, Narrow klass range: 0x100000000

GC Precious Log:
 CPUs: 8 total, 8 available
 Memory: 16221M
 Large Page Support: Disabled
 NUMA Support: Disabled
 Compressed Oops: Enabled (Zero based)
 Heap Region Size: 2M
 Heap Min Capacity: 8M
 Heap Initial Capacity: 254M
 Heap Max Capacity: 4056M
 Pre-touch: Disabled
 Parallel Workers: 8
 Concurrent Workers: 2
 Concurrent Refinement Workers: 8
 Periodic GC: Disabled

Heap:
 garbage-first heap   total 49152K, used 21627K [0x0000000702800000, 0x0000000800000000)
  region size 2048K, 2 young (4096K), 2 survivors (4096K)
 Metaspace       used 50053K, committed 50432K, reserved 1097728K
  class space    used 6561K, committed 6720K, reserved 1048576K

Heap Regions: E=young(eden), S=young(survivor), O=old, HS=humongous(starts), HC=humongous(continues), CS=collection set, F=free, OA=open archive, CA=closed archive, TAMS=top-at-mark-start (previous, next)
|   0|0x0000000702800000, 0x0000000702a00000, 0x0000000702a00000|100%| O|  |TAMS 0x0000000702a00000, 0x0000000702800000| Untracked 
|   1|0x0000000702a00000, 0x0000000702c00000, 0x0000000702c00000|100%| O|  |TAMS 0x0000000702c00000, 0x0000000702a00000| Untracked 
|   2|0x0000000702c00000, 0x0000000702deb200, 0x0000000702e00000| 95%| O|  |TAMS 0x0000000702deb200, 0x0000000702c00000| Untracked 
|   3|0x0000000702e00000, 0x0000000703000000, 0x0000000703000000|100%| O|  |TAMS 0x0000000703000000, 0x0000000702e00000| Untracked 
|   4|0x0000000703000000, 0x0000000703200000, 0x0000000703200000|100%| O|  |TAMS 0x0000000703200000, 0x0000000703000000| Untracked 
|   5|0x0000000703200000, 0x0000000703400000, 0x0000000703400000|100%| O|  |TAMS 0x0000000703200000, 0x0000000703200000| Untracked 
|   6|0x0000000703400000, 0x0000000703600000, 0x0000000703600000|100%| O|  |TAMS 0x0000000703400000, 0x0000000703400000| Untracked 
|   7|0x0000000703600000, 0x0000000703693000, 0x0000000703800000| 28%| O|  |TAMS 0x0000000703600000, 0x0000000703600000| Untracked 
|   8|0x0000000703800000, 0x0000000703800000, 0x0000000703a00000|  0%| F|  |TAMS 0x0000000703800000, 0x0000000703800000| Untracked 
|   9|0x0000000703a00000, 0x0000000703c00000, 0x0000000703c00000|100%| O|  |TAMS 0x0000000703c00000, 0x0000000703a00000| Untracked 
|  10|0x0000000703c00000, 0x0000000703e00000, 0x0000000703e00000|100%| O|  |TAMS 0x0000000703dbbc00, 0x0000000703c00000| Untracked 
|  11|0x0000000703e00000, 0x0000000703e00000, 0x0000000704000000|  0%| F|  |TAMS 0x0000000703e00000, 0x0000000703e00000| Untracked 
|  12|0x0000000704000000, 0x00000007040a0a38, 0x0000000704200000| 31%| S|CS|TAMS 0x0000000704000000, 0x0000000704000000| Complete 
|  13|0x0000000704200000, 0x0000000704400000, 0x0000000704400000|100%| S|CS|TAMS 0x0000000704200000, 0x0000000704200000| Complete 
|  14|0x0000000704400000, 0x0000000704400000, 0x0000000704600000|  0%| F|  |TAMS 0x0000000704400000, 0x0000000704400000| Untracked 
|  15|0x0000000704600000, 0x0000000704600000, 0x0000000704800000|  0%| F|  |TAMS 0x0000000704600000, 0x0000000704600000| Untracked 
|  16|0x0000000704800000, 0x0000000704800000, 0x0000000704a00000|  0%| F|  |TAMS 0x0000000704800000, 0x0000000704800000| Untracked 
|  17|0x0000000704a00000, 0x0000000704a00000, 0x0000000704c00000|  0%| F|  |TAMS 0x0000000704a00000, 0x0000000704a00000| Untracked 
|  18|0x0000000704c00000, 0x0000000704c00000, 0x0000000704e00000|  0%| F|  |TAMS 0x0000000704c00000, 0x0000000704c00000| Untracked 
|  19|0x0000000704e00000, 0x0000000704e00000, 0x0000000705000000|  0%| F|  |TAMS 0x0000000704e00000, 0x0000000704e00000| Untracked 
|  69|0x000000070b200000, 0x000000070b200000, 0x000000070b400000|  0%| F|  |TAMS 0x000000070b200000, 0x000000070b200000| Untracked 
|  70|0x000000070b400000, 0x000000070b400000, 0x000000070b600000|  0%| F|  |TAMS 0x000000070b400000, 0x000000070b400000| Untracked 
|  71|0x000000070b600000, 0x000000070b600000, 0x000000070b800000|  0%| F|  |TAMS 0x000000070b600000, 0x000000070b600000| Untracked 
| 126|0x0000000712400000, 0x0000000712400000, 0x0000000712600000|  0%| F|  |TAMS 0x0000000712400000, 0x0000000712400000| Untracked 

Card table byte_map: [0x00000201d8b40000,0x00000201d9330000] _byte_map_base: 0x00000201d532c000

Marking Bits (Prev, Next): (CMBitMap*) 0x00000201bf95e330, (CMBitMap*) 0x00000201bf95e370
 Prev Bits: [0x00000201d9b20000, 0x00000201dda80000)
 Next Bits: [0x00000201dda80000, 0x00000201e19e0000)

Polling page: 0x00000201c88c0000

Metaspace:

Usage:
  Non-class:     42.47 MB used.
      Class:      6.41 MB used.
       Both:     48.88 MB used.

Virtual space:
  Non-class space:       48.00 MB reserved,      42.69 MB ( 89%) committed,  6 nodes.
      Class space:        1.00 GB reserved,       6.56 MB ( <1%) committed,  1 nodes.
             Both:        1.05 GB reserved,      49.25 MB (  5%) committed. 

Chunk freelists:
   Non-Class:  1.22 MB
       Class:  1.32 MB
        Both:  2.54 MB

MaxMetaspaceSize: unlimited
CompressedClassSpaceSize: 1.00 GB
Initial GC threshold: 21.00 MB
Current GC threshold: 59.00 MB
CDS: on
MetaspaceReclaimPolicy: balanced
 - commit_granule_bytes: 65536.
 - commit_granule_words: 8192.
 - virtual_space_node_default_size: 1048576.
 - enlarge_chunks_in_place: 1.
 - new_chunks_are_fully_committed: 0.
 - uncommit_free_chunks: 1.
 - use_allocation_guard: 0.
 - handle_deallocations: 1.


Internal statistics:

num_allocs_failed_limit: 6.
num_arena_births: 376.
num_arena_deaths: 0.
num_vsnodes_births: 7.
num_vsnodes_deaths: 0.
num_space_committed: 788.
num_space_uncommitted: 0.
num_chunks_returned_to_freelist: 6.
num_chunks_taken_from_freelist: 2078.
num_chunk_merges: 6.
num_chunk_splits: 1458.
num_chunks_enlarged: 1148.
num_purges: 0.
num_inconsistent_stats: 0.

CodeHeap 'non-profiled nmethods': size=120000Kb used=3186Kb max_used=3186Kb free=116814Kb
 bounds [0x00000201d03b0000, 0x00000201d06d0000, 0x00000201d78e0000]
CodeHeap 'profiled nmethods': size=120000Kb used=11384Kb max_used=11384Kb free=108615Kb
 bounds [0x00000201c8e80000, 0x00000201c99a0000, 0x00000201d03b0000]
CodeHeap 'non-nmethods': size=5760Kb used=1346Kb max_used=1420Kb free=4413Kb
 bounds [0x00000201c88e0000, 0x00000201c8b50000, 0x00000201c8e80000]
 total_blobs=5887 nmethods=5295 adapters=504
 compilation: enabled
              stopped_count=0, restarted_count=0
 full_count=0

Compilation events (20 events):
Event: 17.564 Thread 0x00000201e44be9b0 5367       2       org.springframework.data.util.Optionals::toStream (26 bytes)
Event: 17.564 Thread 0x00000201e44be9b0 nmethod 5367 0x00000201c999a690 code [0x00000201c999a8a0, 0x00000201c999adf8]
Event: 17.564 Thread 0x00000201e44be9b0 5368       2       java.util.HashMap$HashMapSpliterator::getFence (53 bytes)
Event: 17.564 Thread 0x00000201e44be9b0 nmethod 5368 0x00000201c999b110 code [0x00000201c999b2a0, 0x00000201c999b3f8]
Event: 17.565 Thread 0x00000201e44be9b0 5369       2       org.springframework.data.mapping.model.AnnotationBasedPersistentProperty$$Lambda$839/0x000000080127f418::<init> (10 bytes)
Event: 17.565 Thread 0x00000201e44be9b0 nmethod 5369 0x00000201c999b510 code [0x00000201c999b6a0, 0x00000201c999b7f8]
Event: 17.565 Thread 0x00000201e44be9b0 5370       2       org.springframework.data.mapping.model.AnnotationBasedPersistentProperty$$Lambda$840/0x000000080127f658::<init> (10 bytes)
Event: 17.565 Thread 0x00000201e44be9b0 nmethod 5370 0x00000201c999b890 code [0x00000201c999ba20, 0x00000201c999bb78]
Event: 17.565 Thread 0x00000201e44be9b0 5371       2       org.springframework.data.mapping.model.AnnotationBasedPersistentProperty::doFindAnnotation (40 bytes)
Event: 17.565 Thread 0x00000201e44be9b0 nmethod 5371 0x00000201c999bc10 code [0x00000201c999bde0, 0x00000201c999c0e8]
Event: 17.565 Thread 0x00000201e44be9b0 5372       2       org.springframework.data.mapping.model.Property::isMethodWithSingleParameterOfType (38 bytes)
Event: 17.566 Thread 0x00000201e44be9b0 nmethod 5372 0x00000201c999c310 code [0x00000201c999c4c0, 0x00000201c999c6f8]
Event: 17.566 Thread 0x00000201e44be9b0 5374       2       java.util.HashMap$KeySpliterator::tryAdvance (138 bytes)
Event: 17.567 Thread 0x00000201e44be9b0 nmethod 5374 0x00000201c999c910 code [0x00000201c999cb20, 0x00000201c999d058]
Event: 17.568 Thread 0x00000201e44be9b0 5375       2       java.util.AbstractMap::hashCode (45 bytes)
Event: 17.568 Thread 0x00000201e44be9b0 nmethod 5375 0x00000201c999d310 code [0x00000201c999d500, 0x00000201c999d7a8]
Event: 17.569 Thread 0x00000201e44be9b0 5376       2       org.springframework.util.ReflectionUtils::isEqualsMethod (47 bytes)
Event: 17.569 Thread 0x00000201e44be9b0 nmethod 5376 0x00000201c999d910 code [0x00000201c999dae0, 0x00000201c999dd78]
Event: 17.569 Thread 0x00000201e44be9b0 5377       2       org.springframework.util.ReflectionUtils::isHashCodeMethod (29 bytes)
Event: 17.569 Thread 0x00000201e44be9b0 nmethod 5377 0x00000201c999df10 code [0x00000201c999e0c0, 0x00000201c999e228]

GC Heap History (20 events):
Event: 5.919 GC heap after
{Heap after GC invocations=5 (full 0):
 garbage-first heap   total 49152K, used 14252K [0x0000000702800000, 0x0000000800000000)
  region size 2048K, 4 young (8192K), 4 survivors (8192K)
 Metaspace       used 25744K, committed 26048K, reserved 1073152K
  class space    used 3179K, committed 3328K, reserved 1048576K
}
Event: 5.927 GC heap before
{Heap before GC invocations=5 (full 0):
 garbage-first heap   total 49152K, used 30636K [0x0000000702800000, 0x0000000800000000)
  region size 2048K, 13 young (26624K), 4 survivors (8192K)
 Metaspace       used 25744K, committed 26048K, reserved 1073152K
  class space    used 3179K, committed 3328K, reserved 1048576K
}
Event: 5.937 GC heap after
{Heap after GC invocations=6 (full 0):
 garbage-first heap   total 49152K, used 14033K [0x0000000702800000, 0x0000000800000000)
  region size 2048K, 1 young (2048K), 1 survivors (2048K)
 Metaspace       used 25744K, committed 26048K, reserved 1073152K
  class space    used 3179K, committed 3328K, reserved 1048576K
}
Event: 5.977 GC heap before
{Heap before GC invocations=6 (full 0):
 garbage-first heap   total 49152K, used 30417K [0x0000000702800000, 0x0000000800000000)
  region size 2048K, 10 young (20480K), 1 survivors (2048K)
 Metaspace       used 25760K, committed 26048K, reserved 1073152K
  class space    used 3179K, committed 3328K, reserved 1048576K
}
Event: 5.978 GC heap after
{Heap after GC invocations=7 (full 0):
 garbage-first heap   total 49152K, used 14333K [0x0000000702800000, 0x0000000800000000)
  region size 2048K, 1 young (2048K), 1 survivors (2048K)
 Metaspace       used 25760K, committed 26048K, reserved 1073152K
  class space    used 3179K, committed 3328K, reserved 1048576K
}
Event: 6.436 GC heap before
{Heap before GC invocations=7 (full 0):
 garbage-first heap   total 49152K, used 32765K [0x0000000702800000, 0x0000000800000000)
  region size 2048K, 10 young (20480K), 1 survivors (2048K)
 Metaspace       used 27483K, committed 27840K, reserved 1073152K
  class space    used 3424K, committed 3584K, reserved 1048576K
}
Event: 6.438 GC heap after
{Heap after GC invocations=8 (full 0):
 garbage-first heap   total 49152K, used 14850K [0x0000000702800000, 0x0000000800000000)
  region size 2048K, 1 young (2048K), 1 survivors (2048K)
 Metaspace       used 27483K, committed 27840K, reserved 1073152K
  class space    used 3424K, committed 3584K, reserved 1048576K
}
Event: 11.197 GC heap before
{Heap before GC invocations=8 (full 0):
 garbage-first heap   total 49152K, used 33282K [0x0000000702800000, 0x0000000800000000)
  region size 2048K, 11 young (22528K), 1 survivors (2048K)
 Metaspace       used 33522K, committed 33856K, reserved 1081344K
  class space    used 4128K, committed 4288K, reserved 1048576K
}
Event: 11.200 GC heap after
{Heap after GC invocations=9 (full 0):
 garbage-first heap   total 49152K, used 16674K [0x0000000702800000, 0x0000000800000000)
  region size 2048K, 2 young (4096K), 2 survivors (4096K)
 Metaspace       used 33522K, committed 33856K, reserved 1081344K
  class space    used 4128K, committed 4288K, reserved 1048576K
}
Event: 14.776 GC heap before
{Heap before GC invocations=9 (full 0):
 garbage-first heap   total 49152K, used 28962K [0x0000000702800000, 0x0000000800000000)
  region size 2048K, 9 young (18432K), 2 survivors (4096K)
 Metaspace       used 35879K, committed 36096K, reserved 1081344K
  class space    used 4383K, committed 4480K, reserved 1048576K
}
Event: 14.779 GC heap after
{Heap after GC invocations=10 (full 0):
 garbage-first heap   total 49152K, used 17530K [0x0000000702800000, 0x0000000800000000)
  region size 2048K, 2 young (4096K), 2 survivors (4096K)
 Metaspace       used 35879K, committed 36096K, reserved 1081344K
  class space    used 4383K, committed 4480K, reserved 1048576K
}
Event: 15.561 GC heap before
{Heap before GC invocations=11 (full 0):
 garbage-first heap   total 49152K, used 33914K [0x0000000702800000, 0x0000000800000000)
  region size 2048K, 10 young (20480K), 2 survivors (4096K)
 Metaspace       used 39713K, committed 40000K, reserved 1089536K
  class space    used 5097K, committed 5184K, reserved 1048576K
}
Event: 15.565 GC heap after
{Heap after GC invocations=12 (full 0):
 garbage-first heap   total 49152K, used 18336K [0x0000000702800000, 0x0000000800000000)
  region size 2048K, 1 young (2048K), 1 survivors (2048K)
 Metaspace       used 39713K, committed 40000K, reserved 1089536K
  class space    used 5097K, committed 5184K, reserved 1048576K
}
Event: 16.224 GC heap before
{Heap before GC invocations=12 (full 0):
 garbage-first heap   total 49152K, used 32672K [0x0000000702800000, 0x0000000800000000)
  region size 2048K, 9 young (18432K), 1 survivors (2048K)
 Metaspace       used 43784K, committed 44096K, reserved 1089536K
  class space    used 5607K, committed 5760K, reserved 1048576K
}
Event: 16.229 GC heap after
{Heap after GC invocations=13 (full 0):
 garbage-first heap   total 49152K, used 19190K [0x0000000702800000, 0x0000000800000000)
  region size 2048K, 2 young (4096K), 2 survivors (4096K)
 Metaspace       used 43784K, committed 44096K, reserved 1089536K
  class space    used 5607K, committed 5760K, reserved 1048576K
}
Event: 16.779 GC heap before
{Heap before GC invocations=13 (full 0):
 garbage-first heap   total 49152K, used 35574K [0x0000000702800000, 0x0000000800000000)
  region size 2048K, 10 young (20480K), 2 survivors (4096K)
 Metaspace       used 46194K, committed 46528K, reserved 1089536K
  class space    used 6045K, committed 6208K, reserved 1048576K
}
Event: 16.782 GC heap after
{Heap after GC invocations=14 (full 0):
 garbage-first heap   total 49152K, used 19688K [0x0000000702800000, 0x0000000800000000)
  region size 2048K, 2 young (4096K), 2 survivors (4096K)
 Metaspace       used 46194K, committed 46528K, reserved 1089536K
  class space    used 6045K, committed 6208K, reserved 1048576K
}
Event: 17.268 GC heap before
{Heap before GC invocations=14 (full 0):
 garbage-first heap   total 49152K, used 34024K [0x0000000702800000, 0x0000000800000000)
  region size 2048K, 10 young (20480K), 2 survivors (4096K)
 Metaspace       used 49153K, committed 49472K, reserved 1097728K
  class space    used 6433K, committed 6592K, reserved 1048576K
}
Event: 17.273 GC heap after
{Heap after GC invocations=15 (full 0):
 garbage-first heap   total 49152K, used 21060K [0x0000000702800000, 0x0000000800000000)
  region size 2048K, 2 young (4096K), 2 survivors (4096K)
 Metaspace       used 49153K, committed 49472K, reserved 1097728K
  class space    used 6433K, committed 6592K, reserved 1048576K
}
Event: 17.588 GC heap before
{Heap before GC invocations=15 (full 0):
 garbage-first heap   total 49152K, used 37444K [0x0000000702800000, 0x0000000800000000)
  region size 2048K, 10 young (20480K), 2 survivors (4096K)
 Metaspace       used 50053K, committed 50432K, reserved 1097728K
  class space    used 6561K, committed 6720K, reserved 1048576K
}

Deoptimization events (20 events):
Event: 17.535 Thread 0x00000201bf90cb10 DEOPT PACKING pc=0x00000201d0663fd4 sp=0x0000008747efbf30
Event: 17.536 Thread 0x00000201bf90cb10 DEOPT UNPACKING pc=0x00000201c8932b43 sp=0x0000008747efb3b0 mode 1
Event: 17.536 Thread 0x00000201bf90cb10 DEOPT PACKING pc=0x00000201c92d11ec sp=0x0000008747efbf60
Event: 17.536 Thread 0x00000201bf90cb10 DEOPT UNPACKING pc=0x00000201c8932b43 sp=0x0000008747efb450 mode 1
Event: 17.538 Thread 0x00000201bf90cb10 DEOPT PACKING pc=0x00000201c937fc74 sp=0x0000008747efbe50
Event: 17.538 Thread 0x00000201bf90cb10 DEOPT UNPACKING pc=0x00000201c8932b43 sp=0x0000008747efb378 mode 1
Event: 17.538 Thread 0x00000201bf90cb10 DEOPT PACKING pc=0x00000201d0663fd4 sp=0x0000008747efbf30
Event: 17.538 Thread 0x00000201bf90cb10 DEOPT UNPACKING pc=0x00000201c8932b43 sp=0x0000008747efb3b0 mode 1
Event: 17.538 Thread 0x00000201bf90cb10 DEOPT PACKING pc=0x00000201c92d11ec sp=0x0000008747efbf60
Event: 17.538 Thread 0x00000201bf90cb10 DEOPT UNPACKING pc=0x00000201c8932b43 sp=0x0000008747efb450 mode 1
Event: 17.555 Thread 0x00000201bf90cb10 DEOPT PACKING pc=0x00000201c9024ebc sp=0x0000008747efc360
Event: 17.555 Thread 0x00000201bf90cb10 DEOPT UNPACKING pc=0x00000201c8932b43 sp=0x0000008747efb850 mode 1
Event: 17.556 Thread 0x00000201bf90cb10 DEOPT PACKING pc=0x00000201c94c8844 sp=0x0000008747efc3a0
Event: 17.556 Thread 0x00000201bf90cb10 DEOPT UNPACKING pc=0x00000201c8932b43 sp=0x0000008747efb870 mode 1
Event: 17.557 Thread 0x00000201bf90cb10 DEOPT PACKING pc=0x00000201c9024ebc sp=0x0000008747efc4d0
Event: 17.557 Thread 0x00000201bf90cb10 DEOPT UNPACKING pc=0x00000201c8932b43 sp=0x0000008747efb9c0 mode 1
Event: 17.557 Thread 0x00000201bf90cb10 DEOPT PACKING pc=0x00000201c9024ebc sp=0x0000008747efc470
Event: 17.557 Thread 0x00000201bf90cb10 DEOPT UNPACKING pc=0x00000201c8932b43 sp=0x0000008747efb960 mode 1
Event: 17.557 Thread 0x00000201bf90cb10 DEOPT PACKING pc=0x00000201c94c8844 sp=0x0000008747efc4b0
Event: 17.557 Thread 0x00000201bf90cb10 DEOPT UNPACKING pc=0x00000201c8932b43 sp=0x0000008747efb980 mode 1

Classes unloaded (0 events):
No events

Classes redefined (0 events):
No events

Internal exceptions (20 events):
Event: 16.943 Thread 0x00000201bf90cb10 Exception <a 'java/lang/ClassNotFoundException'{0x000000070b4f2590}: org/springframework/core/io/support/PropertiesLoaderSupportCustomizer> (0x000000070b4f2590) 
thrown [t:\workspace\open\src\hotspot\share\classfile\systemDictionary.cpp, line 256]
Event: 16.944 Thread 0x00000201bf90cb10 Exception <a 'java/lang/ClassNotFoundException'{0x000000070b4fef50}: org/springframework/beans/factory/config/PropertiesFactoryBeanCustomizer> (0x000000070b4fef50) 
thrown [t:\workspace\open\src\hotspot\share\classfile\systemDictionary.cpp, line 256]
Event: 16.947 Thread 0x00000201bf90cb10 Exception <a 'java/lang/ClassNotFoundException'{0x000000070b516020}: org/springframework/beans/factory/FactoryBeanCustomizer> (0x000000070b516020) 
thrown [t:\workspace\open\src\hotspot\share\classfile\systemDictionary.cpp, line 256]
Event: 16.948 Thread 0x00000201bf90cb10 Exception <a 'java/lang/ClassNotFoundException'{0x000000070b51c358}: org/springframework/beans/factory/InitializingBeanCustomizer> (0x000000070b51c358) 
thrown [t:\workspace\open\src\hotspot\share\classfile\systemDictionary.cpp, line 256]
Event: 17.192 Thread 0x00000201bf90cb10 Exception <a 'java/lang/ClassNotFoundException'{0x0000000704b446c0}: java/lang/ObjectCustomizer> (0x0000000704b446c0) 
thrown [t:\workspace\open\src\hotspot\share\classfile\systemDictionary.cpp, line 256]
Event: 17.193 Thread 0x00000201bf90cb10 Exception <a 'java/lang/ClassNotFoundException'{0x0000000704b4b808}: com/websovellusprojektiR5/R5_RestAPI/SQLdataModel/ItemCustomizer> (0x0000000704b4b808) 
thrown [t:\workspace\open\src\hotspot\share\classfile\systemDictionary.cpp, line 256]
Event: 17.222 Thread 0x00000201bf90cb10 Exception <a 'java/lang/NoSuchMethodError'{0x000000070485ca78}: 'int java.lang.invoke.DirectMethodHandle$Holder.invokeVirtual(java.lang.Object, java.lang.Object, java.lang.Object)'> (0x000000070485ca78) 
thrown [t:\workspace\open\src\hotspot\share\interpreter\linkResolver.cpp, line 766]
Event: 17.286 Thread 0x00000201bf90cb10 Exception <a 'java/lang/IncompatibleClassChangeError'{0x0000000712453a88}: Found class java.lang.Object, but interface was expected> (0x0000000712453a88) 
thrown [t:\workspace\open\src\hotspot\share\interpreter\linkResolver.cpp, line 833]
Event: 17.440 Thread 0x00000201bf90cb10 Exception <a 'java/lang/reflect/InvocationTargetException'{0x000000070b3830d0}> (0x000000070b3830d0) 
thrown [t:\workspace\open\src\hotspot\share\runtime\reflection.cpp, line 1121]
Event: 17.449 Thread 0x00000201bf90cb10 Exception <a 'java/lang/reflect/InvocationTargetException'{0x000000070b3a8328}> (0x000000070b3a8328) 
thrown [t:\workspace\open\src\hotspot\share\runtime\reflection.cpp, line 1121]
Event: 17.456 Thread 0x00000201bf90cb10 Exception <a 'java/lang/reflect/InvocationTargetException'{0x000000070b3b2938}> (0x000000070b3b2938) 
thrown [t:\workspace\open\src\hotspot\share\runtime\reflection.cpp, line 1121]
Event: 17.461 Thread 0x00000201bf90cb10 Exception <a 'java/lang/reflect/InvocationTargetException'{0x000000070b3bd770}> (0x000000070b3bd770) 
thrown [t:\workspace\open\src\hotspot\share\runtime\reflection.cpp, line 1121]
Event: 17.464 Thread 0x00000201bf90cb10 Exception <a 'java/lang/reflect/InvocationTargetException'{0x000000070b3c5d18}> (0x000000070b3c5d18) 
thrown [t:\workspace\open\src\hotspot\share\runtime\reflection.cpp, line 1121]
Event: 17.490 Thread 0x00000201bf90cb10 Exception <a 'java/lang/ClassNotFoundException'{0x0000000704ebc910}: java/lang/ObjectCustomizer> (0x0000000704ebc910) 
thrown [t:\workspace\open\src\hotspot\share\classfile\systemDictionary.cpp, line 256]
Event: 17.491 Thread 0x00000201bf90cb10 Exception <a 'java/lang/ClassNotFoundException'{0x0000000704ec3968}: com/websovellusprojektiR5/R5_RestAPI/SQLdataModel/ItemCategoryCustomizer> (0x0000000704ec3968) 
thrown [t:\workspace\open\src\hotspot\share\classfile\systemDictionary.cpp, line 256]
Event: 17.531 Thread 0x00000201bf90cb10 Exception <a 'java/lang/reflect/InvocationTargetException'{0x0000000704a90618}> (0x0000000704a90618) 
thrown [t:\workspace\open\src\hotspot\share\runtime\reflection.cpp, line 1121]
Event: 17.535 Thread 0x00000201bf90cb10 Exception <a 'java/lang/reflect/InvocationTargetException'{0x0000000704a9af38}> (0x0000000704a9af38) 
thrown [t:\workspace\open\src\hotspot\share\runtime\reflection.cpp, line 1121]
Event: 17.538 Thread 0x00000201bf90cb10 Exception <a 'java/lang/reflect/InvocationTargetException'{0x0000000704aa4890}> (0x0000000704aa4890) 
thrown [t:\workspace\open\src\hotspot\share\runtime\reflection.cpp, line 1121]
Event: 17.555 Thread 0x00000201bf90cb10 Exception <a 'java/lang/ClassNotFoundException'{0x0000000704b339e8}: java/lang/ObjectCustomizer> (0x0000000704b339e8) 
thrown [t:\workspace\open\src\hotspot\share\classfile\systemDictionary.cpp, line 256]
Event: 17.557 Thread 0x00000201bf90cb10 Exception <a 'java/lang/ClassNotFoundException'{0x0000000704b3a9c0}: com/websovellusprojektiR5/R5_RestAPI/SQLdataModel/RestaurantCustomizer> (0x0000000704b3a9c0) 
thrown [t:\workspace\open\src\hotspot\share\classfile\systemDictionary.cpp, line 256]

VM Operations (20 events):
Event: 16.638 Executing VM operation: ICBufferFull done
Event: 16.779 Executing VM operation: G1CollectForAllocation
Event: 16.782 Executing VM operation: G1CollectForAllocation done
Event: 16.967 Executing VM operation: HandshakeAllThreads
Event: 16.967 Executing VM operation: HandshakeAllThreads done
Event: 17.268 Executing VM operation: G1CollectForAllocation
Event: 17.273 Executing VM operation: G1CollectForAllocation done
Event: 17.359 Executing VM operation: HandshakeAllThreads
Event: 17.359 Executing VM operation: HandshakeAllThreads done
Event: 17.360 Executing VM operation: HandshakeAllThreads
Event: 17.360 Executing VM operation: HandshakeAllThreads done
Event: 17.457 Executing VM operation: ICBufferFull
Event: 17.457 Executing VM operation: ICBufferFull done
Event: 17.474 Executing VM operation: ICBufferFull
Event: 17.474 Executing VM operation: ICBufferFull done
Event: 17.533 Executing VM operation: ICBufferFull
Event: 17.533 Executing VM operation: ICBufferFull done
Event: 17.539 Executing VM operation: ICBufferFull
Event: 17.539 Executing VM operation: ICBufferFull done
Event: 17.588 Executing VM operation: G1CollectForAllocation

Events (20 events):
Event: 17.490 loading class java/lang/ObjectCustomizer
Event: 17.490 loading class java/lang/ObjectCustomizer done
Event: 17.490 loading class java/lang/ObjectCustomizer
Event: 17.490 loading class java/lang/ObjectCustomizer done
Event: 17.491 loading class com/websovellusprojektiR5/R5_RestAPI/SQLdataModel/ItemCategoryCustomizer
Event: 17.491 loading class com/websovellusprojektiR5/R5_RestAPI/SQLdataModel/ItemCategoryCustomizer done
Event: 17.491 loading class com/websovellusprojektiR5/R5_RestAPI/SQLdataModel/ItemCategoryCustomizer
Event: 17.491 loading class com/websovellusprojektiR5/R5_RestAPI/SQLdataModel/ItemCategoryCustomizer done
Event: 17.491 loading class com/websovellusprojektiR5/R5_RestAPI/SQLdataModel/ItemCategoryCustomizer
Event: 17.491 loading class com/websovellusprojektiR5/R5_RestAPI/SQLdataModel/ItemCategoryCustomizer done
Event: 17.555 loading class java/lang/ObjectCustomizer
Event: 17.555 loading class java/lang/ObjectCustomizer done
Event: 17.555 loading class java/lang/ObjectCustomizer
Event: 17.555 loading class java/lang/ObjectCustomizer done
Event: 17.556 loading class com/websovellusprojektiR5/R5_RestAPI/SQLdataModel/RestaurantCustomizer
Event: 17.556 loading class com/websovellusprojektiR5/R5_RestAPI/SQLdataModel/RestaurantCustomizer done
Event: 17.557 loading class com/websovellusprojektiR5/R5_RestAPI/SQLdataModel/RestaurantCustomizer
Event: 17.557 loading class com/websovellusprojektiR5/R5_RestAPI/SQLdataModel/RestaurantCustomizer done
Event: 17.557 loading class com/websovellusprojektiR5/R5_RestAPI/SQLdataModel/RestaurantCustomizer
Event: 17.557 loading class com/websovellusprojektiR5/R5_RestAPI/SQLdataModel/RestaurantCustomizer done


Dynamic libraries:
0x00007ff7492b0000 - 0x00007ff7492c0000 	C:\Program Files\Java\jdk-17.0.1\bin\java.exe
0x00007ff9f50a0000 - 0x00007ff9f52a9000 	C:\WINDOWS\SYSTEM32\ntdll.dll
0x00007ff9f43e0000 - 0x00007ff9f449d000 	C:\WINDOWS\System32\KERNEL32.DLL
0x00007ff9f2730000 - 0x00007ff9f2aa4000 	C:\WINDOWS\System32\KERNELBASE.dll
0x00007ff9f2b20000 - 0x00007ff9f2c31000 	C:\WINDOWS\System32\ucrtbase.dll
0x00007ff9edb90000 - 0x00007ff9edbaa000 	C:\Program Files\Java\jdk-17.0.1\bin\VCRUNTIME140.dll
0x00007ff9f0420000 - 0x00007ff9f0438000 	C:\Program Files\Java\jdk-17.0.1\bin\jli.dll
0x00007ff9f4be0000 - 0x00007ff9f4c8e000 	C:\WINDOWS\System32\ADVAPI32.dll
0x00007ff9f4b30000 - 0x00007ff9f4bd3000 	C:\WINDOWS\System32\msvcrt.dll
0x00007ff9f44a0000 - 0x00007ff9f453e000 	C:\WINDOWS\System32\sechost.dll
0x00007ff9f4ed0000 - 0x00007ff9f4ff0000 	C:\WINDOWS\System32\RPCRT4.dll
0x00007ff9f3700000 - 0x00007ff9f38ac000 	C:\WINDOWS\System32\USER32.dll
0x00007ff9f2ce0000 - 0x00007ff9f2d06000 	C:\WINDOWS\System32\win32u.dll
0x00007ff9dacb0000 - 0x00007ff9daf55000 	C:\WINDOWS\WinSxS\amd64_microsoft.windows.common-controls_6595b64144ccf1df_6.0.22000.120_none_9d947278b86cc467\COMCTL32.dll
0x00007ff9f3c50000 - 0x00007ff9f3c79000 	C:\WINDOWS\System32\GDI32.dll
0x00007ff9f2590000 - 0x00007ff9f26a2000 	C:\WINDOWS\System32\gdi32full.dll
0x00007ff9f2c40000 - 0x00007ff9f2cdd000 	C:\WINDOWS\System32\msvcp_win.dll
0x00007ff9ec400000 - 0x00007ff9ec40a000 	C:\WINDOWS\SYSTEM32\VERSION.dll
0x00007ff9f4540000 - 0x00007ff9f4571000 	C:\WINDOWS\System32\IMM32.DLL
0x00007ff9f0410000 - 0x00007ff9f041c000 	C:\Program Files\Java\jdk-17.0.1\bin\vcruntime140_1.dll
0x00007ff9ca8b0000 - 0x00007ff9ca93d000 	C:\Program Files\Java\jdk-17.0.1\bin\msvcp140.dll
0x00007ff9a7620000 - 0x00007ff9a81de000 	C:\Program Files\Java\jdk-17.0.1\bin\server\jvm.dll
0x00007ff9f2f40000 - 0x00007ff9f2f48000 	C:\WINDOWS\System32\PSAPI.DLL
0x00007ff9d4c70000 - 0x00007ff9d4c79000 	C:\WINDOWS\SYSTEM32\WSOCK32.dll
0x00007ff9ec410000 - 0x00007ff9ec443000 	C:\WINDOWS\SYSTEM32\WINMM.dll
0x00007ff9f4e60000 - 0x00007ff9f4ecf000 	C:\WINDOWS\System32\WS2_32.dll
0x00007ff9f1780000 - 0x00007ff9f1798000 	C:\WINDOWS\SYSTEM32\kernel.appcore.dll
0x00007ff9edf00000 - 0x00007ff9edf0a000 	C:\Program Files\Java\jdk-17.0.1\bin\jimage.dll
0x00007ff9f0010000 - 0x00007ff9f0231000 	C:\WINDOWS\SYSTEM32\DBGHELP.DLL
0x00007ff9d38b0000 - 0x00007ff9d38e1000 	C:\WINDOWS\SYSTEM32\dbgcore.DLL
0x00007ff9f26b0000 - 0x00007ff9f272f000 	C:\WINDOWS\System32\bcryptPrimitives.dll
0x00007ff9ec550000 - 0x00007ff9ec58b000 	C:\Program Files\Java\jdk-17.0.1\bin\jdwp.dll
0x00007ff9ece70000 - 0x00007ff9ece7e000 	C:\Program Files\Java\jdk-17.0.1\bin\instrument.dll
0x00007ff9ec950000 - 0x00007ff9ec975000 	C:\Program Files\Java\jdk-17.0.1\bin\java.dll
0x00007ff9ec6d0000 - 0x00007ff9ec6e8000 	C:\Program Files\Java\jdk-17.0.1\bin\zip.dll
0x00007ff9ca0f0000 - 0x00007ff9ca1c6000 	C:\Program Files\Java\jdk-17.0.1\bin\svml.dll
0x00007ff9f2f50000 - 0x00007ff9f36fe000 	C:\WINDOWS\System32\SHELL32.dll
0x00007ff9f0710000 - 0x00007ff9f0f78000 	C:\WINDOWS\SYSTEM32\windows.storage.dll
0x00007ff9f4630000 - 0x00007ff9f49a8000 	C:\WINDOWS\System32\combase.dll
0x00007ff9f05a0000 - 0x00007ff9f0706000 	C:\WINDOWS\SYSTEM32\wintypes.dll
0x00007ff9f38e0000 - 0x00007ff9f39ca000 	C:\WINDOWS\System32\SHCORE.dll
0x00007ff9f4250000 - 0x00007ff9f42ad000 	C:\WINDOWS\System32\shlwapi.dll
0x00007ff9f24c0000 - 0x00007ff9f24e1000 	C:\WINDOWS\SYSTEM32\profapi.dll
0x00007ff9e8d90000 - 0x00007ff9e8d9c000 	C:\Program Files\Java\jdk-17.0.1\bin\dt_socket.dll
0x00007ff9f12b0000 - 0x00007ff9f12dd000 	C:\WINDOWS\SYSTEM32\IPHLPAPI.DLL
0x00007ff9f1bb0000 - 0x00007ff9f1c17000 	C:\WINDOWS\system32\mswsock.dll
0x00007ff9edaa0000 - 0x00007ff9edab9000 	C:\Program Files\Java\jdk-17.0.1\bin\net.dll
0x00007ff9eb9f0000 - 0x00007ff9ebafc000 	C:\WINDOWS\SYSTEM32\WINHTTP.dll
0x00007ff9ec6f0000 - 0x00007ff9ec705000 	C:\Program Files\Java\jdk-17.0.1\bin\nio.dll
0x00007ff9edb70000 - 0x00007ff9edb80000 	C:\Program Files\Java\jdk-17.0.1\bin\verify.dll
0x00007ff9ece50000 - 0x00007ff9ece59000 	C:\Program Files\Java\jdk-17.0.1\bin\management.dll
0x00007ff9ec9a0000 - 0x00007ff9ec9ab000 	C:\Program Files\Java\jdk-17.0.1\bin\management_ext.dll
0x00007ff9d0080000 - 0x00007ff9d0097000 	C:\WINDOWS\system32\napinsp.dll
0x00007ff9d0060000 - 0x00007ff9d007b000 	C:\WINDOWS\system32\pnrpnsp.dll
0x00007ff9f1320000 - 0x00007ff9f1407000 	C:\WINDOWS\SYSTEM32\DNSAPI.dll
0x00007ff9f38b0000 - 0x00007ff9f38b9000 	C:\WINDOWS\System32\NSI.dll
0x00007ff9d0040000 - 0x00007ff9d0052000 	C:\WINDOWS\System32\winrnr.dll
0x00007ff9ea590000 - 0x00007ff9ea5a5000 	C:\WINDOWS\system32\wshbth.dll
0x00007ff9cf9e0000 - 0x00007ff9cf9ff000 	C:\WINDOWS\system32\nlansp_c.dll
0x00007ff9d6be0000 - 0x00007ff9d6bea000 	C:\Windows\System32\rasadhlp.dll
0x00007ff9e9ac0000 - 0x00007ff9e9b41000 	C:\WINDOWS\System32\fwpuclnt.dll
0x00007ff9f1df0000 - 0x00007ff9f1e08000 	C:\WINDOWS\SYSTEM32\CRYPTSP.dll
0x00007ff9f16e0000 - 0x00007ff9f1715000 	C:\WINDOWS\system32\rsaenh.dll
0x00007ff9f1ca0000 - 0x00007ff9f1cc9000 	C:\WINDOWS\SYSTEM32\USERENV.dll
0x00007ff9f1f70000 - 0x00007ff9f1f97000 	C:\WINDOWS\SYSTEM32\bcrypt.dll
0x00007ff9f1e10000 - 0x00007ff9f1e1c000 	C:\WINDOWS\SYSTEM32\CRYPTBASE.dll
0x00007ff9eb7c0000 - 0x00007ff9eb7d9000 	C:\WINDOWS\SYSTEM32\dhcpcsvc6.DLL
0x00007ff9ebe60000 - 0x00007ff9ebe7e000 	C:\WINDOWS\SYSTEM32\dhcpcsvc.DLL
0x00007ff9ec940000 - 0x00007ff9ec94e000 	C:\Program Files\Java\jdk-17.0.1\bin\sunmscapi.dll
0x00007ff9f2d10000 - 0x00007ff9f2e72000 	C:\WINDOWS\System32\CRYPT32.dll
0x00007ff9f1f40000 - 0x00007ff9f1f68000 	C:\WINDOWS\SYSTEM32\ncrypt.dll
0x00007ff9f1f00000 - 0x00007ff9f1f37000 	C:\WINDOWS\SYSTEM32\NTASN1.dll

dbghelp: loaded successfully - version: 4.0.5 - missing functions: none
symbol engine: initialized successfully - sym options: 0x614 - pdb path: .;C:\Program Files\Java\jdk-17.0.1\bin;C:\WINDOWS\SYSTEM32;C:\WINDOWS\WinSxS\amd64_microsoft.windows.common-controls_6595b64144ccf1df_6.0.22000.120_none_9d947278b86cc467;C:\Program Files\Java\jdk-17.0.1\bin\server

VM Arguments:
jvm_args: -agentlib:jdwp=transport=dt_socket,address=127.0.0.1:61476,suspend=y,server=n -javaagent:C:\Users\micko\AppData\Local\JetBrains\IdeaIC2021.3\captureAgent\debugger-agent.jar -Dfile.encoding=UTF-8 
java_command: com.websovellusprojektiR5.R5_RestAPI.R5RestApiApplication
java_class_path (initial): C:\bin\WebSovellusprojektiR5\target\classes;C:\Users\micko\.m2\repository\org\springframework\boot\spring-boot-starter-data-jpa\2.6.4\spring-boot-starter-data-jpa-2.6.4.jar;C:\Users\micko\.m2\repository\org\springframework\boot\spring-boot-starter-aop\2.6.4\spring-boot-starter-aop-2.6.4.jar;C:\Users\micko\.m2\repository\org\aspectj\aspectjweaver\1.9.7\aspectjweaver-1.9.7.jar;C:\Users\micko\.m2\repository\org\springframework\boot\spring-boot-starter-jdbc\2.6.4\spring-boot-starter-jdbc-2.6.4.jar;C:\Users\micko\.m2\repository\org\springframework\spring-jdbc\5.3.16\spring-jdbc-5.3.16.jar;C:\Users\micko\.m2\repository\jakarta\transaction\jakarta.transaction-api\1.3.3\jakarta.transaction-api-1.3.3.jar;C:\Users\micko\.m2\repository\jakarta\persistence\jakarta.persistence-api\2.2.3\jakarta.persistence-api-2.2.3.jar;C:\Users\micko\.m2\repository\org\hibernate\hibernate-core\5.6.5.Final\hibernate-core-5.6.5.Final.jar;C:\Users\micko\.m2\repository\org\jboss\logging\jboss-logging\3.4.3.Final\jboss-logging-3.4.3.Final.jar;C:\Users\micko\.m2\repository\net\bytebuddy\byte-buddy\1.11.22\byte-buddy-1.11.22.jar;C:\Users\micko\.m2\repository\antlr\antlr\2.7.7\antlr-2.7.7.jar;C:\Users\micko\.m2\repository\org\jboss\jandex\2.4.2.Final\jandex-2.4.2.Final.jar;C:\Users\micko\.m2\repository\com\fasterxml\classmate\1.5.1\classmate-1.5.1.jar;C:\Users\micko\.m2\repository\org\hibernate\common\hibernate-commons-annotations\5.1.2.Final\hibernate-commons-annotations-5.1.2.Final.jar;C:\Users\micko\.m2\repository\org\glassfish\jaxb\jaxb-runtime\2.3.6\jaxb-runtime-2.3.6.jar;C:\Users\micko\.m2\repository\org\glassfish\jaxb\txw2\2.3.6\txw2-2.3.6.jar;C:\Users\micko\.m2\repository\com\sun\istack\istack-commons-runtime\3.0.12\istack-commons-runtime-3.0.12.jar;C:\Users\micko\.m2\repository\com\sun\activation\jakarta.activation\1.2.2\jakarta.activation-1.2.2.jar;C:\Users\micko\.m2\repository\org\springframework\data\spring-data-jpa\2.6.2\spring-data-jpa-2.6.2.jar;C:\Users\micko
Launcher Type: SUN_STANDARD

[Global flags]
     intx CICompilerCount                          = 4                                         {product} {ergonomic}
     uint ConcGCThreads                            = 2                                         {product} {ergonomic}
     uint G1ConcRefinementThreads                  = 8                                         {product} {ergonomic}
   size_t G1HeapRegionSize                         = 2097152                                   {product} {ergonomic}
    uintx GCDrainStackTargetSize                   = 64                                        {product} {ergonomic}
   size_t InitialHeapSize                          = 266338304                                 {product} {ergonomic}
   size_t MarkStackSize                            = 4194304                                   {product} {ergonomic}
   size_t MaxHeapSize                              = 4253024256                                {product} {ergonomic}
   size_t MaxNewSize                               = 2550136832                                {product} {ergonomic}
   size_t MinHeapDeltaBytes                        = 2097152                                   {product} {ergonomic}
   size_t MinHeapSize                              = 8388608                                   {product} {ergonomic}
    uintx NonNMethodCodeHeapSize                   = 5839372                                {pd product} {ergonomic}
    uintx NonProfiledCodeHeapSize                  = 122909434                              {pd product} {ergonomic}
    uintx ProfiledCodeHeapSize                     = 122909434                              {pd product} {ergonomic}
    uintx ReservedCodeCacheSize                    = 251658240                              {pd product} {ergonomic}
     bool SegmentedCodeCache                       = true                                      {product} {ergonomic}
   size_t SoftMaxHeapSize                          = 4253024256                             {manageable} {ergonomic}
     bool UseCompressedClassPointers               = true                           {product lp64_product} {ergonomic}
     bool UseCompressedOops                        = true                           {product lp64_product} {ergonomic}
     bool UseG1GC                                  = true                                      {product} {ergonomic}
     bool UseLargePagesIndividualAllocation        = false                                  {pd product} {ergonomic}

Logging:
Log output configuration:
 #0: stdout all=warning uptime,level,tags
 #1: stderr all=off uptime,level,tags

Environment Variables:
PATH=C:\Program Files\Common Files\Oracle\Java\javapath;C:\Python39\Scripts\;C:\Python39\;C:\WINDOWS\system32;C:\WINDOWS;C:\WINDOWS\System32\Wbem;C:\WINDOWS\System32\WindowsPowerShell\v1.0\;C:\WINDOWS\System32\OpenSSH\;C:\Program Files\Microsoft SQL Server\130\Tools\Binn\;C:\Program Files (x86)\PuTTY\;C:\Program Files (x86)\Microsoft SQL Server\150\DTS\Binn\;C:\Program Files\Azure Data Studio\bin;C:\Program Files\Git\cmd;C:\ProgramData\chocolatey\bin;C:\Program Files\nodejs\;C:\Program Files\Amazon\AWSCLIV2\;C:\Users\micko\AppData\Local\Microsoft\WindowsApps;;C:\Users\micko\AppData\Local\Programs\Microsoft VS Code\bin;C:\Program Files\Azure Data Studio\bin;C:\Users\micko\AppData\Roaming\npm;C:\Program Files\JetBrains\IntelliJ IDEA Community Edition 2021.3.1\bin;;C:\Program Files\heroku\bin
USERNAME=micko
OS=Windows_NT
PROCESSOR_IDENTIFIER=Intel64 Family 6 Model 142 Stepping 12, GenuineIntel



---------------  S Y S T E M  ---------------

OS:
 Windows 10 , 64 bit Build 22000 (10.0.22000.434)
OS uptime: 7 days 0:24 hours

CPU: total 8 (initial active 8) (4 cores per cpu, 2 threads per core) family 6 model 142 stepping 12 microcode 0xec, cx8, cmov, fxsr, ht, mmx, 3dnowpref, sse, sse2, sse3, ssse3, sse4.1, sse4.2, popcnt, lzcnt, tsc, tscinvbit, avx, avx2, aes, erms, clmul, bmi1, bmi2, adx, fma, vzeroupper, clflush, clflushopt

Memory: 4k page, system-wide physical 16221M (615M free)
TotalPageFile size 46583M (AvailPageFile size 88M)
current process WorkingSet (physical memory assigned to process): 234M, peak: 238M
current process commit charge ("private bytes"): 270M, peak: 408M

vm_info: Java HotSpot(TM) 64-Bit Server VM (17.0.1+12-LTS-39) for windows-amd64 JRE (17.0.1+12-LTS-39), built on Sep 27 2021 18:41:35 by "mach5one" with MS VC++ 16.8 (VS2019)

END.
