#
# There is insufficient memory for the Java Runtime Environment to continue.
# Native memory allocation (mmap) failed to map 65536 bytes for Failed to commit metaspace.
# Possible reasons:
#   The system is out of physical RAM or swap space
#   The process is running with CompressedOops enabled, and the Java Heap may be blocking the growth of the native heap
# Possible solutions:
#   Reduce memory load on the system
#   Increase physical memory or swap space
#   Check if swap backing store is full
#   Decrease Java heap size (-Xmx/-Xms)
#
#  Out of Memory Error (virtualSpaceNode.cpp:110), pid=19348, tid=23976
#
# JRE version: Java(TM) SE Runtime Environment (17.0.1+12) (build 17.0.1+12-LTS-39)
# Java VM: Java HotSpot(TM) 64-Bit Server VM (17.0.1+12-LTS-39, mixed mode, sharing, tiered, compressed oops, compressed class ptrs, g1 gc, windows-amd64)
# No core dump will be written. Minidumps are not enabled by default on client versions of Windows
#

---------------  S U M M A R Y ------------

Command Line: -agentlib:jdwp=transport=dt_socket,address=127.0.0.1:52611,suspend=y,server=n -javaagent:C:\Users\micko\AppData\Local\JetBrains\IdeaIC2021.3\captureAgent\debugger-agent.jar -Dfile.encoding=UTF-8 com.websovellusprojektiR5.R5_RestAPI.R5RestApiApplication

Host: Intel(R) Core(TM) i5-10210U CPU @ 1.60GHz, 8 cores, 15G,  Windows 10 , 64 bit Build 22000 (10.0.22000.434)
Time: Sun Apr  3 12:10:42 2022 Suomen kesäaika elapsed time: 262.433187 seconds (0d 0h 4m 22s)

---------------  T H R E A D  ---------------

Current thread (0x000001fe3a27b840):  JavaThread "main" [_thread_in_vm, id=23976, stack(0x000000fc7e000000,0x000000fc7e100000)]

Stack: [0x000000fc7e000000,0x000000fc7e100000]
Native frames: (J=compiled Java code, j=interpreted, Vv=VM code, C=native code)
V  [jvm.dll+0x66fa1a]
V  [jvm.dll+0x7ce5a4]
V  [jvm.dll+0x7cfd4e]
V  [jvm.dll+0x7d03b3]
V  [jvm.dll+0x242b05]
V  [jvm.dll+0x7ca54b]
V  [jvm.dll+0x615b76]
V  [jvm.dll+0x1be19e]
V  [jvm.dll+0x6184b1]
V  [jvm.dll+0x616516]
V  [jvm.dll+0x2370cf]
V  [jvm.dll+0x620145]
V  [jvm.dll+0x1e7dcb]
V  [jvm.dll+0x1e8305]
V  [jvm.dll+0x1e8d3f]
V  [jvm.dll+0x1de1f1]
V  [jvm.dll+0x537690]
V  [jvm.dll+0x7496c8]
V  [jvm.dll+0x7497b4]
V  [jvm.dll+0x408995]
V  [jvm.dll+0x40e9e8]
C  [java.dll+0x17ec]

Java frames: (J=compiled Java code, j=interpreted, Vv=VM code)
j  java.lang.ClassLoader.defineClass1(Ljava/lang/ClassLoader;Ljava/lang/String;[BIILjava/security/ProtectionDomain;Ljava/lang/String;)Ljava/lang/Class;+0 java.base@17.0.1
j  java.lang.ClassLoader.defineClass(Ljava/lang/String;[BIILjava/security/ProtectionDomain;)Ljava/lang/Class;+27 java.base@17.0.1
j  java.security.SecureClassLoader.defineClass(Ljava/lang/String;[BIILjava/security/CodeSource;)Ljava/lang/Class;+12 java.base@17.0.1
j  jdk.internal.loader.BuiltinClassLoader.defineClass(Ljava/lang/String;Ljdk/internal/loader/Resource;)Ljava/lang/Class;+117 java.base@17.0.1
j  jdk.internal.loader.BuiltinClassLoader.findClassOnClassPathOrNull(Ljava/lang/String;)Ljava/lang/Class;+37 java.base@17.0.1
j  jdk.internal.loader.BuiltinClassLoader.loadClassOrNull(Ljava/lang/String;Z)Ljava/lang/Class;+111 java.base@17.0.1
j  jdk.internal.loader.BuiltinClassLoader.loadClass(Ljava/lang/String;Z)Ljava/lang/Class;+3 java.base@17.0.1
j  jdk.internal.loader.ClassLoaders$AppClassLoader.loadClass(Ljava/lang/String;Z)Ljava/lang/Class;+36 java.base@17.0.1
j  java.lang.ClassLoader.loadClass(Ljava/lang/String;)Ljava/lang/Class;+3 java.base@17.0.1
v  ~StubRoutines::call_stub
j  java.lang.ClassLoader.defineClass1(Ljava/lang/ClassLoader;Ljava/lang/String;[BIILjava/security/ProtectionDomain;Ljava/lang/String;)Ljava/lang/Class;+0 java.base@17.0.1
j  java.lang.ClassLoader.defineClass(Ljava/lang/String;[BIILjava/security/ProtectionDomain;)Ljava/lang/Class;+27 java.base@17.0.1
j  java.security.SecureClassLoader.defineClass(Ljava/lang/String;[BIILjava/security/CodeSource;)Ljava/lang/Class;+12 java.base@17.0.1
j  jdk.internal.loader.BuiltinClassLoader.defineClass(Ljava/lang/String;Ljdk/internal/loader/Resource;)Ljava/lang/Class;+117 java.base@17.0.1
j  jdk.internal.loader.BuiltinClassLoader.findClassOnClassPathOrNull(Ljava/lang/String;)Ljava/lang/Class;+37 java.base@17.0.1
j  jdk.internal.loader.BuiltinClassLoader.loadClassOrNull(Ljava/lang/String;Z)Ljava/lang/Class;+111 java.base@17.0.1
j  jdk.internal.loader.BuiltinClassLoader.loadClass(Ljava/lang/String;Z)Ljava/lang/Class;+3 java.base@17.0.1
j  jdk.internal.loader.ClassLoaders$AppClassLoader.loadClass(Ljava/lang/String;Z)Ljava/lang/Class;+36 java.base@17.0.1
j  java.lang.ClassLoader.loadClass(Ljava/lang/String;)Ljava/lang/Class;+3 java.base@17.0.1
v  ~StubRoutines::call_stub
j  org.springframework.boot.autoconfigure.web.servlet.WebMvcAutoConfiguration$WebMvcAutoConfigurationAdapter.defaultViewResolver()Lorg/springframework/web/servlet/view/InternalResourceViewResolver;+0
v  ~StubRoutines::call_stub
j  jdk.internal.reflect.NativeMethodAccessorImpl.invoke0(Ljava/lang/reflect/Method;Ljava/lang/Object;[Ljava/lang/Object;)Ljava/lang/Object;+0 java.base@17.0.1
j  jdk.internal.reflect.NativeMethodAccessorImpl.invoke(Ljava/lang/Object;[Ljava/lang/Object;)Ljava/lang/Object;+133 java.base@17.0.1
j  jdk.internal.reflect.DelegatingMethodAccessorImpl.invoke(Ljava/lang/Object;[Ljava/lang/Object;)Ljava/lang/Object;+6 java.base@17.0.1
j  java.lang.reflect.Method.invoke(Ljava/lang/Object;[Ljava/lang/Object;)Ljava/lang/Object;+59 java.base@17.0.1
j  org.springframework.beans.factory.support.SimpleInstantiationStrategy.instantiate(Lorg/springframework/beans/factory/support/RootBeanDefinition;Ljava/lang/String;Lorg/springframework/beans/factory/BeanFactory;Ljava/lang/Object;Ljava/lang/reflect/Method;[Ljava/lang/Object;)Ljava/lang/Object;+50
j  org.springframework.beans.factory.support.ConstructorResolver.instantiate(Ljava/lang/String;Lorg/springframework/beans/factory/support/RootBeanDefinition;Ljava/lang/Object;Ljava/lang/reflect/Method;[Ljava/lang/Object;)Ljava/lang/Object;+48
j  org.springframework.beans.factory.support.ConstructorResolver.instantiateUsingFactoryMethod(Ljava/lang/String;Lorg/springframework/beans/factory/support/RootBeanDefinition;[Ljava/lang/Object;)Lorg/springframework/beans/BeanWrapper;+486
j  org.springframework.beans.factory.support.AbstractAutowireCapableBeanFactory.instantiateUsingFactoryMethod(Ljava/lang/String;Lorg/springframework/beans/factory/support/RootBeanDefinition;[Ljava/lang/Object;)Lorg/springframework/beans/BeanWrapper;+11
j  org.springframework.beans.factory.support.AbstractAutowireCapableBeanFactory.createBeanInstance(Ljava/lang/String;Lorg/springframework/beans/factory/support/RootBeanDefinition;[Ljava/lang/Object;)Lorg/springframework/beans/BeanWrapper;+102
j  org.springframework.beans.factory.support.AbstractAutowireCapableBeanFactory.doCreateBean(Ljava/lang/String;Lorg/springframework/beans/factory/support/RootBeanDefinition;[Ljava/lang/Object;)Ljava/lang/Object;+34
j  org.springframework.beans.factory.support.AbstractAutowireCapableBeanFactory.createBean(Ljava/lang/String;Lorg/springframework/beans/factory/support/RootBeanDefinition;[Ljava/lang/Object;)Ljava/lang/Object;+169
j  org.springframework.beans.factory.support.AbstractBeanFactory.lambda$doGetBean$0(Ljava/lang/String;Lorg/springframework/beans/factory/support/RootBeanDefinition;[Ljava/lang/Object;)Ljava/lang/Object;+4
j  org.springframework.beans.factory.support.AbstractBeanFactory$$Lambda$244+0x0000000800d9be08.getObject()Ljava/lang/Object;+16
j  org.springframework.beans.factory.support.DefaultSingletonBeanRegistry.getSingleton(Ljava/lang/String;Lorg/springframework/beans/factory/ObjectFactory;)Ljava/lang/Object;+132
j  org.springframework.beans.factory.support.AbstractBeanFactory.doGetBean(Ljava/lang/String;Ljava/lang/Class;[Ljava/lang/Object;Z)Ljava/lang/Object;+513
j  org.springframework.beans.factory.support.AbstractBeanFactory.getBean(Ljava/lang/String;)Ljava/lang/Object;+5
j  org.springframework.beans.factory.support.DefaultListableBeanFactory.preInstantiateSingletons()V+248
j  org.springframework.context.support.AbstractApplicationContext.finishBeanFactoryInitialization(Lorg/springframework/beans/factory/config/ConfigurableListableBeanFactory;)V+124
j  org.springframework.context.support.AbstractApplicationContext.refresh()V+86
j  org.springframework.boot.web.servlet.context.ServletWebServerApplicationContext.refresh()V+1
j  org.springframework.boot.SpringApplication.refresh(Lorg/springframework/context/ConfigurableApplicationContext;)V+1
j  org.springframework.boot.SpringApplication.refreshContext(Lorg/springframework/context/ConfigurableApplicationContext;)V+16
j  org.springframework.boot.SpringApplication.run([Ljava/lang/String;)Lorg/springframework/context/ConfigurableApplicationContext;+107
j  org.springframework.boot.SpringApplication.run([Ljava/lang/Class;[Ljava/lang/String;)Lorg/springframework/context/ConfigurableApplicationContext;+9
j  org.springframework.boot.SpringApplication.run(Ljava/lang/Class;[Ljava/lang/String;)Lorg/springframework/context/ConfigurableApplicationContext;+9
j  com.websovellusprojektiR5.R5_RestAPI.R5RestApiApplication.main([Ljava/lang/String;)V+3
v  ~StubRoutines::call_stub

---------------  P R O C E S S  ---------------

Threads class SMR info:
_java_thread_list=0x000001fe5d879f10, length=19, elements={
0x000001fe3a27b840, 0x000001fe5ce77650, 0x000001fe5ce784c0, 0x000001fe5ce8b8b0,
0x000001fe5ce8c260, 0x000001fe5ce8cc10, 0x000001fe5ce8ddd0, 0x000001fe5ce930e0,
0x000001fe5ce9c4c0, 0x000001fe5ce9edd0, 0x000001fe5d8eaca0, 0x000001fe5d994110,
0x000001fe5d9a57e0, 0x000001fe5da1f690, 0x000001fe5d9a4700, 0x000001fe5f3e9650,
0x000001fe5ee2e870, 0x000001fe5d963e90, 0x000001fe5db1bcb0
}

Java Threads: ( => current thread )
=>0x000001fe3a27b840 JavaThread "main" [_thread_in_vm, id=23976, stack(0x000000fc7e000000,0x000000fc7e100000)]
  0x000001fe5ce77650 JavaThread "Reference Handler" daemon [_thread_blocked, id=24272, stack(0x000000fc7e700000,0x000000fc7e800000)]
  0x000001fe5ce784c0 JavaThread "Finalizer" daemon [_thread_blocked, id=11580, stack(0x000000fc7e800000,0x000000fc7e900000)]
  0x000001fe5ce8b8b0 JavaThread "Signal Dispatcher" daemon [_thread_blocked, id=5632, stack(0x000000fc7e900000,0x000000fc7ea00000)]
  0x000001fe5ce8c260 JavaThread "Attach Listener" daemon [_thread_blocked, id=26580, stack(0x000000fc7ea00000,0x000000fc7eb00000)]
  0x000001fe5ce8cc10 JavaThread "Service Thread" daemon [_thread_blocked, id=9228, stack(0x000000fc7eb00000,0x000000fc7ec00000)]
  0x000001fe5ce8ddd0 JavaThread "Monitor Deflation Thread" daemon [_thread_blocked, id=25308, stack(0x000000fc7ec00000,0x000000fc7ed00000)]
  0x000001fe5ce930e0 JavaThread "C2 CompilerThread0" daemon [_thread_blocked, id=6204, stack(0x000000fc7ed00000,0x000000fc7ee00000)]
  0x000001fe5ce9c4c0 JavaThread "C1 CompilerThread0" daemon [_thread_blocked, id=26840, stack(0x000000fc7ee00000,0x000000fc7ef00000)]
  0x000001fe5ce9edd0 JavaThread "Sweeper thread" daemon [_thread_blocked, id=5560, stack(0x000000fc7ef00000,0x000000fc7f000000)]
  0x000001fe5d8eaca0 JavaThread "Common-Cleaner" daemon [_thread_blocked, id=3696, stack(0x000000fc7f000000,0x000000fc7f100000)]
  0x000001fe5d994110 JavaThread "JDWP Transport Listener: dt_socket" daemon [_thread_blocked, id=10116, stack(0x000000fc7f100000,0x000000fc7f200000)]
  0x000001fe5d9a57e0 JavaThread "JDWP Event Helper Thread" daemon [_thread_blocked, id=3760, stack(0x000000fc7f200000,0x000000fc7f300000)]
  0x000001fe5da1f690 JavaThread "JDWP Command Reader" daemon [_thread_in_native, id=20112, stack(0x000000fc7f300000,0x000000fc7f400000)]
  0x000001fe5d9a4700 JavaThread "Notification Thread" daemon [_thread_blocked, id=22428, stack(0x000000fc7f400000,0x000000fc7f500000)]
  0x000001fe5f3e9650 JavaThread "Catalina-utility-1" [_thread_blocked, id=29212, stack(0x000000fc00000000,0x000000fc00100000)]
  0x000001fe5ee2e870 JavaThread "Catalina-utility-2" [_thread_blocked, id=3196, stack(0x000000fc00100000,0x000000fc00200000)]
  0x000001fe5d963e90 JavaThread "container-0" [_thread_blocked, id=12524, stack(0x000000fc00200000,0x000000fc00300000)]
  0x000001fe5db1bcb0 JavaThread "Tomcat JDBC Pool Cleaner[491044090:1648976858195]" daemon [_thread_blocked, id=16328, stack(0x000000fc00300000,0x000000fc00400000)]

Other Threads:
  0x000001fe5ce71650 VMThread "VM Thread" [stack: 0x000000fc7e600000,0x000000fc7e700000] [id=25904]
  0x000001fe3a2f4320 WatcherThread [stack: 0x000000fc7f500000,0x000000fc7f600000] [id=1156]
  0x000001fe3a2cca40 GCTaskThread "GC Thread#0" [stack: 0x000000fc7e100000,0x000000fc7e200000] [id=15236]
  0x000001fe5e0e0b30 GCTaskThread "GC Thread#1" [stack: 0x000000fc7f800000,0x000000fc7f900000] [id=8876]
  0x000001fe5dacb650 GCTaskThread "GC Thread#2" [stack: 0x000000fc7f900000,0x000000fc7fa00000] [id=25784]
  0x000001fe5dacb900 GCTaskThread "GC Thread#3" [stack: 0x000000fc7fa00000,0x000000fc7fb00000] [id=11976]
  0x000001fe5e1e0640 GCTaskThread "GC Thread#4" [stack: 0x000000fc7fb00000,0x000000fc7fc00000] [id=24832]
  0x000001fe5e1e08f0 GCTaskThread "GC Thread#5" [stack: 0x000000fc7fc00000,0x000000fc7fd00000] [id=20200]
  0x000001fe5de7dc30 GCTaskThread "GC Thread#6" [stack: 0x000000fc7fd00000,0x000000fc7fe00000] [id=17528]
  0x000001fe5e093e20 GCTaskThread "GC Thread#7" [stack: 0x000000fc7fe00000,0x000000fc7ff00000] [id=14068]
  0x000001fe3a2dd700 ConcurrentGCThread "G1 Main Marker" [stack: 0x000000fc7e200000,0x000000fc7e300000] [id=18868]
  0x000001fe3a2df8c0 ConcurrentGCThread "G1 Conc#0" [stack: 0x000000fc7e300000,0x000000fc7e400000] [id=8996]
  0x000001fe613c6dc0 ConcurrentGCThread "G1 Conc#1" [stack: 0x000000fc7f600000,0x000000fc7f700000] [id=28088]
  0x000001fe3a34d370 ConcurrentGCThread "G1 Refine#0" [stack: 0x000000fc7e400000,0x000000fc7e500000] [id=23388]
  0x000001fe61192710 ConcurrentGCThread "G1 Refine#1" [stack: 0x000000fc7ff00000,0x000000fc80000000] [id=23996]
  0x000001fe3a34dd90 ConcurrentGCThread "G1 Service" [stack: 0x000000fc7e500000,0x000000fc7e600000] [id=12548]

Threads with active compile tasks:

VM state: not at safepoint (normal execution)

VM Mutex/Monitor currently owned by a thread:  ([mutex/lock_event])
[0x000001fe3a276950] Metaspace_lock - owner thread: 0x000001fe3a27b840

Heap address: 0x0000000702800000, size: 4056 MB, Compressed Oops mode: Zero based, Oop shift amount: 3

CDS archive(s) mapped at: [0x0000000800000000-0x0000000800bc0000-0x0000000800bc0000), size 12320768, SharedBaseAddress: 0x0000000800000000, ArchiveRelocationMode: 0.
Compressed class space mapped at: 0x0000000800c00000-0x0000000840c00000, reserved size: 1073741824
Narrow klass base: 0x0000000800000000, Narrow klass shift: 0, Narrow klass range: 0x100000000

GC Precious Log:
 CPUs: 8 total, 8 available
 Memory: 16221M
 Large Page Support: Disabled
 NUMA Support: Disabled
 Compressed Oops: Enabled (Zero based)
 Heap Region Size: 2M
 Heap Min Capacity: 8M
 Heap Initial Capacity: 254M
 Heap Max Capacity: 4056M
 Pre-touch: Disabled
 Parallel Workers: 8
 Concurrent Workers: 2
 Concurrent Refinement Workers: 8
 Periodic GC: Disabled

Heap:
 garbage-first heap   total 49152K, used 25871K [0x0000000702800000, 0x0000000800000000)
  region size 2048K, 4 young (8192K), 2 survivors (4096K)
 Metaspace       used 52922K, committed 53312K, reserved 1097728K
  class space    used 7105K, committed 7296K, reserved 1048576K

Heap Regions: E=young(eden), S=young(survivor), O=old, HS=humongous(starts), HC=humongous(continues), CS=collection set, F=free, OA=open archive, CA=closed archive, TAMS=top-at-mark-start (previous, next)
|   0|0x0000000702800000, 0x0000000702a00000, 0x0000000702a00000|100%| O|  |TAMS 0x0000000702a00000, 0x0000000702800000| Untracked 
|   1|0x0000000702a00000, 0x0000000702c00000, 0x0000000702c00000|100%| O|  |TAMS 0x0000000702c00000, 0x0000000702a00000| Untracked 
|   2|0x0000000702c00000, 0x0000000702e00000, 0x0000000702e00000|100%| O|  |TAMS 0x0000000702c00000, 0x0000000702c00000| Untracked 
|   3|0x0000000702e00000, 0x0000000703000000, 0x0000000703000000|100%| O|  |TAMS 0x0000000703000000, 0x0000000702e00000| Untracked 
|   4|0x0000000703000000, 0x0000000703200000, 0x0000000703200000|100%| O|  |TAMS 0x0000000703200000, 0x0000000703000000| Untracked 
|   5|0x0000000703200000, 0x0000000703400000, 0x0000000703400000|100%| O|  |TAMS 0x0000000703400000, 0x0000000703200000| Untracked 
|   6|0x0000000703400000, 0x0000000703600000, 0x0000000703600000|100%| O|  |TAMS 0x0000000703600000, 0x0000000703400000| Untracked 
|   7|0x0000000703600000, 0x0000000703800000, 0x0000000703800000|100%| O|  |TAMS 0x0000000703600000, 0x0000000703600000| Untracked 
|   8|0x0000000703800000, 0x0000000703a00000, 0x0000000703a00000|100%| O|  |TAMS 0x0000000703800000, 0x0000000703800000| Untracked 
|   9|0x0000000703a00000, 0x0000000703c00000, 0x0000000703c00000|100%| O|  |TAMS 0x0000000703a00000, 0x0000000703a00000| Untracked 
|  10|0x0000000703c00000, 0x0000000703c6be00, 0x0000000703e00000| 21%| O|  |TAMS 0x0000000703c00000, 0x0000000703c00000| Untracked 
|  11|0x0000000703e00000, 0x0000000703e00000, 0x0000000704000000|  0%| F|  |TAMS 0x0000000703e00000, 0x0000000703e00000| Untracked 
|  12|0x0000000704000000, 0x0000000704000000, 0x0000000704200000|  0%| F|  |TAMS 0x0000000704000000, 0x0000000704000000| Untracked 
|  13|0x0000000704200000, 0x00000007042d7e80, 0x0000000704400000| 42%| S|CS|TAMS 0x0000000704200000, 0x0000000704200000| Complete 
|  14|0x0000000704400000, 0x0000000704600000, 0x0000000704600000|100%| S|CS|TAMS 0x0000000704400000, 0x0000000704400000| Complete 
|  15|0x0000000704600000, 0x0000000704600000, 0x0000000704800000|  0%| F|  |TAMS 0x0000000704600000, 0x0000000704600000| Untracked 
|  16|0x0000000704800000, 0x0000000704800000, 0x0000000704a00000|  0%| F|  |TAMS 0x0000000704800000, 0x0000000704800000| Untracked 
|  17|0x0000000704a00000, 0x0000000704a00000, 0x0000000704c00000|  0%| F|  |TAMS 0x0000000704a00000, 0x0000000704a00000| Untracked 
|  18|0x0000000704c00000, 0x0000000704c00000, 0x0000000704e00000|  0%| F|  |TAMS 0x0000000704c00000, 0x0000000704c00000| Untracked 
|  19|0x0000000704e00000, 0x0000000704e00000, 0x0000000705000000|  0%| F|  |TAMS 0x0000000704e00000, 0x0000000704e00000| Untracked 
|  69|0x000000070b200000, 0x000000070b200000, 0x000000070b400000|  0%| F|  |TAMS 0x000000070b200000, 0x000000070b200000| Untracked 
|  70|0x000000070b400000, 0x000000070b400000, 0x000000070b600000|  0%| F|  |TAMS 0x000000070b400000, 0x000000070b400000| Untracked 
|  71|0x000000070b600000, 0x000000070b63da18, 0x000000070b800000| 12%| E|  |TAMS 0x000000070b600000, 0x000000070b600000| Complete 
| 126|0x0000000712400000, 0x0000000712600000, 0x0000000712600000|100%| E|CS|TAMS 0x0000000712400000, 0x0000000712400000| Complete 

Card table byte_map: [0x000001fe515a0000,0x000001fe51d90000] _byte_map_base: 0x000001fe4dd8c000

Marking Bits (Prev, Next): (CMBitMap*) 0x000001fe3a2cd050, (CMBitMap*) 0x000001fe3a2cd090
 Prev Bits: [0x000001fe52580000, 0x000001fe564e0000)
 Next Bits: [0x000001fe564e0000, 0x000001fe5a440000)

Polling page: 0x000001fe381c0000

Metaspace:

Usage:
  Non-class:     44.74 MB used.
      Class:      6.94 MB used.
       Both:     51.68 MB used.

Virtual space:
  Non-class space:       48.00 MB reserved,      44.94 MB ( 94%) committed,  6 nodes.
      Class space:        1.00 GB reserved,       7.12 MB ( <1%) committed,  1 nodes.
             Both:        1.05 GB reserved,      52.06 MB (  5%) committed. 

Chunk freelists:
   Non-Class:  2.23 MB
       Class:  801.00 KB
        Both:  3.02 MB

MaxMetaspaceSize: unlimited
CompressedClassSpaceSize: 1.00 GB
Initial GC threshold: 21.00 MB
Current GC threshold: 58.69 MB
CDS: on
MetaspaceReclaimPolicy: balanced
 - commit_granule_bytes: 65536.
 - commit_granule_words: 8192.
 - virtual_space_node_default_size: 1048576.
 - enlarge_chunks_in_place: 1.
 - new_chunks_are_fully_committed: 0.
 - uncommit_free_chunks: 1.
 - use_allocation_guard: 0.
 - handle_deallocations: 1.


Internal statistics:

num_allocs_failed_limit: 6.
num_arena_births: 420.
num_arena_deaths: 0.
num_vsnodes_births: 7.
num_vsnodes_deaths: 0.
num_space_committed: 833.
num_space_uncommitted: 0.
num_chunks_returned_to_freelist: 6.
num_chunks_taken_from_freelist: 2269.
num_chunk_merges: 6.
num_chunk_splits: 1606.
num_chunks_enlarged: 1256.
num_purges: 0.
num_inconsistent_stats: 0.

CodeHeap 'non-profiled nmethods': size=120000Kb used=1379Kb max_used=1379Kb free=118620Kb
 bounds [0x000001fe49550000, 0x000001fe497c0000, 0x000001fe50a80000]
CodeHeap 'profiled nmethods': size=120000Kb used=5928Kb max_used=5928Kb free=114071Kb
 bounds [0x000001fe42020000, 0x000001fe425f0000, 0x000001fe49550000]
CodeHeap 'non-nmethods': size=5760Kb used=1372Kb max_used=1372Kb free=4387Kb
 bounds [0x000001fe41a80000, 0x000001fe41cf0000, 0x000001fe42020000]
 total_blobs=3404 nmethods=2779 adapters=537
 compilation: enabled
              stopped_count=0, restarted_count=0
 full_count=0

Compilation events (20 events):
Event: 2.325 Thread 0x000001fe5ce9c4c0 2742       3       java.lang.invoke.InnerClassLambdaMetafactory::lambdaClassName (57 bytes)
Event: 2.326 Thread 0x000001fe5ce9c4c0 nmethod 2742 0x000001fe425e4690 code [0x000001fe425e4920, 0x000001fe425e5168]
Event: 2.326 Thread 0x000001fe5ce9c4c0 2744       3       java.lang.invoke.AbstractValidatingLambdaMetafactory::isAdaptableToAsReturn (36 bytes)
Event: 2.326 Thread 0x000001fe5ce9c4c0 nmethod 2744 0x000001fe425e5490 code [0x000001fe425e5660, 0x000001fe425e5b28]
Event: 2.326 Thread 0x000001fe5ce9c4c0 2746       3       java.lang.invoke.AbstractValidatingLambdaMetafactory::isAdaptableToAsReturnStrict (34 bytes)
Event: 2.326 Thread 0x000001fe5ce9c4c0 nmethod 2746 0x000001fe425e5c90 code [0x000001fe425e5e60, 0x000001fe425e6448]
Event: 2.326 Thread 0x000001fe5ce9c4c0 2747   !   3       java.lang.invoke.MethodHandles$Lookup::revealDirect (196 bytes)
Event: 2.328 Thread 0x000001fe5ce9c4c0 nmethod 2747 0x000001fe425e6590 code [0x000001fe425e6900, 0x000001fe425e7ce8]
Event: 2.328 Thread 0x000001fe5ce9c4c0 2750       3       java.lang.PublicMethods$MethodList::merge (192 bytes)
Event: 2.329 Thread 0x000001fe5ce9c4c0 nmethod 2750 0x000001fe425e8490 code [0x000001fe425e8700, 0x000001fe425e9268]
Event: 2.329 Thread 0x000001fe5ce9c4c0 2751       3       java.lang.invoke.LambdaFormEditor$TransformKey::inRange (36 bytes)
Event: 2.329 Thread 0x000001fe5ce9c4c0 nmethod 2751 0x000001fe425e9690 code [0x000001fe425e9820, 0x000001fe425e9978]
Event: 2.332 Thread 0x000001fe5ce9c4c0 2752       1       sun.reflect.generics.reflectiveObjects.TypeVariableImpl::getName (5 bytes)
Event: 2.332 Thread 0x000001fe5ce9c4c0 nmethod 2752 0x000001fe49688e90 code [0x000001fe49689020, 0x000001fe496890f8]
Event: 2.332 Thread 0x000001fe5ce930e0 2753       4       java.util.concurrent.atomic.AtomicInteger::incrementAndGet (14 bytes)
Event: 2.332 Thread 0x000001fe5ce9c4c0 2754       3       java.util.HashMap$Node::hashCode (16 bytes)
Event: 2.333 Thread 0x000001fe5ce9c4c0 nmethod 2754 0x000001fe425e9a10 code [0x000001fe425e9be0, 0x000001fe425ea018]
Event: 2.333 Thread 0x000001fe5ce930e0 nmethod 2753 0x000001fe49689190 code [0x000001fe49689300, 0x000001fe49689398]
Event: 2.369 Thread 0x000001fe5e309c20 nmethod 2669 0x000001fe49689490 code [0x000001fe49689880, 0x000001fe4968e5b8]
Event: 2.683 Thread 0x000001fe5dd5fa90 nmethod 2716 0x000001fe49691990 code [0x000001fe49692020, 0x000001fe4969d260]

GC Heap History (20 events):
Event: 117.070 GC heap before
{Heap before GC invocations=9 (full 0):
 garbage-first heap   total 49152K, used 35579K [0x0000000702800000, 0x0000000800000000)
  region size 2048K, 11 young (22528K), 1 survivors (2048K)
 Metaspace       used 32541K, committed 32896K, reserved 1081344K
  class space    used 4118K, committed 4288K, reserved 1048576K
}
Event: 117.072 GC heap after
{Heap after GC invocations=10 (full 0):
 garbage-first heap   total 49152K, used 16894K [0x0000000702800000, 0x0000000800000000)
  region size 2048K, 2 young (4096K), 2 survivors (4096K)
 Metaspace       used 32541K, committed 32896K, reserved 1081344K
  class space    used 4118K, committed 4288K, reserved 1048576K
}
Event: 132.394 GC heap before
{Heap before GC invocations=10 (full 0):
 garbage-first heap   total 49152K, used 33278K [0x0000000702800000, 0x0000000800000000)
  region size 2048K, 11 young (22528K), 2 survivors (4096K)
 Metaspace       used 35721K, committed 35968K, reserved 1081344K
  class space    used 4530K, committed 4672K, reserved 1048576K
}
Event: 132.397 GC heap after
{Heap after GC invocations=11 (full 0):
 garbage-first heap   total 49152K, used 17640K [0x0000000702800000, 0x0000000800000000)
  region size 2048K, 2 young (4096K), 2 survivors (4096K)
 Metaspace       used 35721K, committed 35968K, reserved 1081344K
  class space    used 4530K, committed 4672K, reserved 1048576K
}
Event: 144.961 GC heap before
{Heap before GC invocations=12 (full 0):
 garbage-first heap   total 49152K, used 34024K [0x0000000702800000, 0x0000000800000000)
  region size 2048K, 10 young (20480K), 2 survivors (4096K)
 Metaspace       used 39584K, committed 39872K, reserved 1089536K
  class space    used 5203K, committed 5312K, reserved 1048576K
}
Event: 144.964 GC heap after
{Heap after GC invocations=13 (full 0):
 garbage-first heap   total 49152K, used 18480K [0x0000000702800000, 0x0000000800000000)
  region size 2048K, 1 young (2048K), 1 survivors (2048K)
 Metaspace       used 39584K, committed 39872K, reserved 1089536K
  class space    used 5203K, committed 5312K, reserved 1048576K
}
Event: 147.155 GC heap before
{Heap before GC invocations=13 (full 0):
 garbage-first heap   total 49152K, used 20528K [0x0000000702800000, 0x0000000800000000)
  region size 2048K, 2 young (4096K), 1 survivors (2048K)
 Metaspace       used 39957K, committed 40320K, reserved 1089536K
  class space    used 5274K, committed 5440K, reserved 1048576K
}
Event: 147.158 GC heap after
{Heap after GC invocations=14 (full 0):
 garbage-first heap   total 49152K, used 18130K [0x0000000702800000, 0x0000000800000000)
  region size 2048K, 1 young (2048K), 1 survivors (2048K)
 Metaspace       used 39957K, committed 40320K, reserved 1089536K
  class space    used 5274K, committed 5440K, reserved 1048576K
}
Event: 157.487 GC heap before
{Heap before GC invocations=14 (full 0):
 garbage-first heap   total 49152K, used 36562K [0x0000000702800000, 0x0000000800000000)
  region size 2048K, 10 young (20480K), 1 survivors (2048K)
 Metaspace       used 44190K, committed 44544K, reserved 1089536K
  class space    used 5927K, committed 6080K, reserved 1048576K
}
Event: 157.490 GC heap after
{Heap after GC invocations=15 (full 0):
 garbage-first heap   total 49152K, used 19028K [0x0000000702800000, 0x0000000800000000)
  region size 2048K, 1 young (2048K), 1 survivors (2048K)
 Metaspace       used 44190K, committed 44544K, reserved 1089536K
  class space    used 5927K, committed 6080K, reserved 1048576K
}
Event: 173.396 GC heap before
{Heap before GC invocations=15 (full 0):
 garbage-first heap   total 49152K, used 37460K [0x0000000702800000, 0x0000000800000000)
  region size 2048K, 10 young (20480K), 1 survivors (2048K)
 Metaspace       used 46717K, committed 46976K, reserved 1097728K
  class space    used 6262K, committed 6400K, reserved 1048576K
}
Event: 173.400 GC heap after
{Heap after GC invocations=16 (full 0):
 garbage-first heap   total 49152K, used 20063K [0x0000000702800000, 0x0000000800000000)
  region size 2048K, 2 young (4096K), 2 survivors (4096K)
 Metaspace       used 46717K, committed 46976K, reserved 1097728K
  class space    used 6262K, committed 6400K, reserved 1048576K
}
Event: 189.615 GC heap before
{Heap before GC invocations=16 (full 0):
 garbage-first heap   total 49152K, used 36447K [0x0000000702800000, 0x0000000800000000)
  region size 2048K, 10 young (20480K), 2 survivors (4096K)
 Metaspace       used 48440K, committed 48832K, reserved 1097728K
  class space    used 6539K, committed 6720K, reserved 1048576K
}
Event: 189.619 GC heap after
{Heap after GC invocations=17 (full 0):
 garbage-first heap   total 49152K, used 20887K [0x0000000702800000, 0x0000000800000000)
  region size 2048K, 2 young (4096K), 2 survivors (4096K)
 Metaspace       used 48440K, committed 48832K, reserved 1097728K
  class space    used 6539K, committed 6720K, reserved 1048576K
}
Event: 207.230 GC heap before
{Heap before GC invocations=17 (full 0):
 garbage-first heap   total 49152K, used 37271K [0x0000000702800000, 0x0000000800000000)
  region size 2048K, 10 young (20480K), 2 survivors (4096K)
 Metaspace       used 50767K, committed 51200K, reserved 1097728K
  class space    used 6809K, committed 7040K, reserved 1048576K
}
Event: 207.233 GC heap after
{Heap after GC invocations=18 (full 0):
 garbage-first heap   total 49152K, used 21838K [0x0000000702800000, 0x0000000800000000)
  region size 2048K, 2 young (4096K), 2 survivors (4096K)
 Metaspace       used 50767K, committed 51200K, reserved 1097728K
  class space    used 6809K, committed 7040K, reserved 1048576K
}
Event: 233.291 GC heap before
{Heap before GC invocations=18 (full 0):
 garbage-first heap   total 49152K, used 36174K [0x0000000702800000, 0x0000000800000000)
  region size 2048K, 9 young (18432K), 2 survivors (4096K)
 Metaspace       used 51032K, committed 51456K, reserved 1097728K
  class space    used 6842K, committed 7040K, reserved 1048576K
}
Event: 233.296 GC heap after
{Heap after GC invocations=19 (full 0):
 garbage-first heap   total 49152K, used 22403K [0x0000000702800000, 0x0000000800000000)
  region size 2048K, 2 young (4096K), 2 survivors (4096K)
 Metaspace       used 51032K, committed 51456K, reserved 1097728K
  class space    used 6842K, committed 7040K, reserved 1048576K
}
Event: 258.549 GC heap before
{Heap before GC invocations=19 (full 0):
 garbage-first heap   total 49152K, used 36739K [0x0000000702800000, 0x0000000800000000)
  region size 2048K, 9 young (18432K), 2 survivors (4096K)
 Metaspace       used 52680K, committed 53120K, reserved 1097728K
  class space    used 7075K, committed 7296K, reserved 1048576K
}
Event: 258.554 GC heap after
{Heap after GC invocations=20 (full 0):
 garbage-first heap   total 49152K, used 23823K [0x0000000702800000, 0x0000000800000000)
  region size 2048K, 2 young (4096K), 2 survivors (4096K)
 Metaspace       used 52680K, committed 53120K, reserved 1097728K
  class space    used 7075K, committed 7296K, reserved 1048576K
}

Deoptimization events (20 events):
Event: 2.330 Thread 0x000001fe3a27b840 DEOPT PACKING pc=0x000001fe42137a5c sp=0x000000fc7e0fda20
Event: 2.330 Thread 0x000001fe3a27b840 DEOPT UNPACKING pc=0x000001fe41ad2b43 sp=0x000000fc7e0fced8 mode 1
Event: 2.330 Thread 0x000001fe3a27b840 DEOPT PACKING pc=0x000001fe421c62bc sp=0x000000fc7e0fe400
Event: 2.330 Thread 0x000001fe3a27b840 DEOPT UNPACKING pc=0x000001fe41ad2b43 sp=0x000000fc7e0fd8d8 mode 1
Event: 2.330 Thread 0x000001fe3a27b840 DEOPT PACKING pc=0x000001fe4240b96c sp=0x000000fc7e0fe4a0
Event: 2.330 Thread 0x000001fe3a27b840 DEOPT UNPACKING pc=0x000001fe41ad2b43 sp=0x000000fc7e0fda08 mode 1
Event: 2.331 Thread 0x000001fe3a27b840 DEOPT PACKING pc=0x000001fe4213db74 sp=0x000000fc7e0fd9d0
Event: 2.331 Thread 0x000001fe3a27b840 DEOPT UNPACKING pc=0x000001fe41ad2b43 sp=0x000000fc7e0fce68 mode 1
Event: 2.331 Thread 0x000001fe3a27b840 DEOPT PACKING pc=0x000001fe42137a5c sp=0x000000fc7e0fdaa0
Event: 2.331 Thread 0x000001fe3a27b840 DEOPT UNPACKING pc=0x000001fe41ad2b43 sp=0x000000fc7e0fcf58 mode 1
Event: 2.331 Thread 0x000001fe3a27b840 DEOPT PACKING pc=0x000001fe421c62bc sp=0x000000fc7e0fe480
Event: 2.331 Thread 0x000001fe3a27b840 DEOPT UNPACKING pc=0x000001fe41ad2b43 sp=0x000000fc7e0fd970 mode 1
Event: 2.332 Thread 0x000001fe3a27b840 Uncommon trap: trap_request=0xffffffde fr.pc=0x000001fe49666c04 relative=0x0000000000000a04
Event: 2.332 Thread 0x000001fe3a27b840 Uncommon trap: reason=class_check action=maybe_recompile pc=0x000001fe49666c04 method=org.springframework.util.ConcurrentReferenceHashMap$Segment.findInChain(Lorg/springframework/util/ConcurrentReferenceHashMap$Reference;Ljava/lang/Object;I)Lorg/springfra
Event: 2.332 Thread 0x000001fe3a27b840 DEOPT PACKING pc=0x000001fe49666c04 sp=0x000000fc7e0fe9e0
Event: 2.332 Thread 0x000001fe3a27b840 DEOPT UNPACKING pc=0x000001fe41ad23a3 sp=0x000000fc7e0fe878 mode 2
Event: 2.335 Thread 0x000001fe3a27b840 DEOPT PACKING pc=0x000001fe4238135c sp=0x000000fc7e0fe9b0
Event: 2.335 Thread 0x000001fe3a27b840 DEOPT UNPACKING pc=0x000001fe41ad2b43 sp=0x000000fc7e0fde80 mode 0
Event: 3.467 Thread 0x000001fe3a27b840 DEOPT PACKING pc=0x000001fe4253307c sp=0x000000fc7e0fef80
Event: 3.467 Thread 0x000001fe3a27b840 DEOPT UNPACKING pc=0x000001fe41ad2b43 sp=0x000000fc7e0fe448 mode 0

Classes unloaded (0 events):
No events

Classes redefined (0 events):
No events

Internal exceptions (20 events):
Event: 214.004 Thread 0x000001fe3a27b840 Exception <a 'java/lang/ClassNotFoundException'{0x000000070b4268f8}: java/lang/ObjectCustomizer> (0x000000070b4268f8) 
thrown [t:\workspace\open\src\hotspot\share\classfile\systemDictionary.cpp, line 256]
Event: 214.051 Thread 0x000001fe3a27b840 Exception <a 'java/lang/ClassNotFoundException'{0x000000070b42ec60}: com/websovellusprojektiR5/R5_RestAPI/SQLdataModel/OrderItemsCustomizer> (0x000000070b42ec60) 
thrown [t:\workspace\open\src\hotspot\share\classfile\systemDictionary.cpp, line 256]
Event: 220.978 Thread 0x000001fe3a27b840 Exception <a 'java/lang/NoSuchMethodError'{0x0000000704e89c98}: 'java.lang.Object java.lang.invoke.DirectMethodHandle$Holder.invokeStaticInit(java.lang.Object, java.lang.Object, java.lang.Object, java.lang.Object, java.lang.Object, java.lang.Object)'> (0x0000000704e89c98) 
thrown [t:\workspace\open\src\hotspot\share\interpreter\linkResolver.cpp, line 766]
Event: 221.944 Thread 0x000001fe3a27b840 Exception <a 'java/lang/ClassNotFoundException'{0x0000000704ee4c70}: java/lang/ObjectCustomizer> (0x0000000704ee4c70) 
thrown [t:\workspace\open\src\hotspot\share\classfile\systemDictionary.cpp, line 256]
Event: 222.000 Thread 0x000001fe3a27b840 Exception <a 'java/lang/ClassNotFoundException'{0x0000000704eecea8}: com/websovellusprojektiR5/R5_RestAPI/SQLdataModel/UserCustomizer> (0x0000000704eecea8) 
thrown [t:\workspace\open\src\hotspot\share\classfile\systemDictionary.cpp, line 256]
Event: 229.890 Thread 0x000001fe3a27b840 Exception <a 'java/lang/reflect/InvocationTargetException'{0x0000000704ad2600}> (0x0000000704ad2600) 
thrown [t:\workspace\open\src\hotspot\share\runtime\reflection.cpp, line 1121]
Event: 230.084 Thread 0x000001fe3a27b840 Exception <a 'java/lang/reflect/InvocationTargetException'{0x0000000704adc0a0}> (0x0000000704adc0a0) 
thrown [t:\workspace\open\src\hotspot\share\runtime\reflection.cpp, line 1121]
Event: 234.741 Thread 0x000001fe3a27b840 Exception <a 'java/lang/ClassNotFoundException'{0x00000007124b46a0}: java/lang/ObjectCustomizer> (0x00000007124b46a0) 
thrown [t:\workspace\open\src\hotspot\share\classfile\systemDictionary.cpp, line 256]
Event: 234.783 Thread 0x000001fe3a27b840 Exception <a 'java/lang/ClassNotFoundException'{0x00000007124bc630}: org/springframework/web/servlet/config/annotation/WebMvcConfigurationSupportCustomizer> (0x00000007124bc630) 
thrown [t:\workspace\open\src\hotspot\share\classfile\systemDictionary.cpp, line 256]
Event: 234.875 Thread 0x000001fe3a27b840 Exception <a 'java/lang/ClassNotFoundException'{0x00000007124d0988}: org/springframework/web/servlet/config/annotation/DelegatingWebMvcConfigurationCustomizer> (0x00000007124d0988) 
thrown [t:\workspace\open\src\hotspot\share\classfile\systemDictionary.cpp, line 256]
Event: 234.928 Thread 0x000001fe3a27b840 Exception <a 'java/lang/ClassNotFoundException'{0x00000007124da250}: org/springframework/boot/autoconfigure/web/servlet/WebMvcAutoConfiguration$EnableWebMvcConfigurationCustomizer> (0x00000007124da250) 
thrown [t:\workspace\open\src\hotspot\share\classfile\systemDictionary.cpp, line 256]
Event: 234.995 Thread 0x000001fe3a27b840 Exception <a 'java/lang/ClassNotFoundException'{0x00000007124eda70}: org/springframework/context/ResourceLoaderAwareCustomizer> (0x00000007124eda70) 
thrown [t:\workspace\open\src\hotspot\share\classfile\systemDictionary.cpp, line 256]
Event: 235.022 Thread 0x000001fe3a27b840 Exception <a 'java/lang/ClassNotFoundException'{0x00000007124f2a88}: org/springframework/beans/factory/AwareCustomizer> (0x00000007124f2a88) 
thrown [t:\workspace\open\src\hotspot\share\classfile\systemDictionary.cpp, line 256]
Event: 235.044 Thread 0x000001fe3a27b840 Exception <a 'java/lang/ClassNotFoundException'{0x00000007124f6eb0}: org/springframework/context/ApplicationContextAwareCustomizer> (0x00000007124f6eb0) 
thrown [t:\workspace\open\src\hotspot\share\classfile\systemDictionary.cpp, line 256]
Event: 235.069 Thread 0x000001fe3a27b840 Exception <a 'java/lang/ClassNotFoundException'{0x00000007124fc9b8}: org/springframework/beans/factory/AwareCustomizer> (0x00000007124fc9b8) 
thrown [t:\workspace\open\src\hotspot\share\classfile\systemDictionary.cpp, line 256]
Event: 235.095 Thread 0x000001fe3a27b840 Exception <a 'java/lang/ClassNotFoundException'{0x0000000712500db8}: org/springframework/web/context/ServletContextAwareCustomizer> (0x0000000712500db8) 
thrown [t:\workspace\open\src\hotspot\share\classfile\systemDictionary.cpp, line 256]
Event: 235.126 Thread 0x000001fe3a27b840 Exception <a 'java/lang/ClassNotFoundException'{0x0000000712506208}: org/springframework/beans/factory/AwareCustomizer> (0x0000000712506208) 
thrown [t:\workspace\open\src\hotspot\share\classfile\systemDictionary.cpp, line 256]
Event: 247.997 Thread 0x000001fe3a27b840 Exception <a 'java/lang/NoSuchMethodError'{0x000000070b3e2a28}: 'void java.lang.invoke.DirectMethodHandle$Holder.invokeVirtual(java.lang.Object, java.lang.Object, int)'> (0x000000070b3e2a28) 
thrown [t:\workspace\open\src\hotspot\share\interpreter\linkResolver.cpp, line 766]
Event: 248.073 Thread 0x000001fe3a27b840 Exception <a 'java/lang/NoSuchMethodError'{0x000000070b3fd7e0}: 'void java.lang.invoke.DirectMethodHandle$Holder.invokeVirtual(java.lang.Object, java.lang.Object, long)'> (0x000000070b3fd7e0) 
thrown [t:\workspace\open\src\hotspot\share\interpreter\linkResolver.cpp, line 766]
Event: 260.142 Thread 0x000001fe3a27b840 Exception <a 'java/lang/IncompatibleClassChangeError'{0x000000071248c3c8}: Found class java.lang.Object, but interface was expected> (0x000000071248c3c8) 
thrown [t:\workspace\open\src\hotspot\share\interpreter\linkResolver.cpp, line 833]

VM Operations (20 events):
Event: 165.780 Executing VM operation: ChangeBreakpoints
Event: 165.781 Executing VM operation: ChangeBreakpoints done
Event: 167.962 Executing VM operation: HandshakeAllThreads
Event: 167.962 Executing VM operation: HandshakeAllThreads done
Event: 173.396 Executing VM operation: G1CollectForAllocation
Event: 173.400 Executing VM operation: G1CollectForAllocation done
Event: 189.615 Executing VM operation: G1CollectForAllocation
Event: 189.619 Executing VM operation: G1CollectForAllocation done
Event: 203.642 Executing VM operation: HandshakeAllThreads
Event: 203.642 Executing VM operation: HandshakeAllThreads done
Event: 207.230 Executing VM operation: G1CollectForAllocation
Event: 207.233 Executing VM operation: G1CollectForAllocation done
Event: 233.291 Executing VM operation: G1CollectForAllocation
Event: 233.296 Executing VM operation: G1CollectForAllocation done
Event: 240.135 Executing VM operation: HandshakeAllThreads
Event: 240.135 Executing VM operation: HandshakeAllThreads done
Event: 249.964 Executing VM operation: HandshakeAllThreads
Event: 249.964 Executing VM operation: HandshakeAllThreads done
Event: 258.549 Executing VM operation: G1CollectForAllocation
Event: 258.554 Executing VM operation: G1CollectForAllocation done

Events (20 events):
Event: 262.119 loading class org/springframework/web/servlet/handler/HandlerExceptionResolverComposite
Event: 262.119 loading class org/springframework/web/servlet/handler/HandlerExceptionResolverComposite done
Event: 262.163 loading class org/springframework/web/servlet/config/annotation/UrlBasedViewResolverRegistration
Event: 262.163 loading class org/springframework/web/servlet/config/annotation/UrlBasedViewResolverRegistration done
Event: 262.172 loading class org/springframework/web/servlet/config/annotation/ViewResolverRegistry$GroovyMarkupRegistration
Event: 262.172 loading class org/springframework/web/servlet/config/annotation/ViewResolverRegistry$GroovyMarkupRegistration done
Event: 262.181 loading class org/springframework/web/servlet/config/annotation/ViewResolverRegistry$TilesRegistration
Event: 262.181 loading class org/springframework/web/servlet/config/annotation/ViewResolverRegistry$TilesRegistration done
Event: 262.190 loading class org/springframework/web/servlet/config/annotation/ViewResolverRegistry$FreeMarkerRegistration
Event: 262.190 loading class org/springframework/web/servlet/config/annotation/ViewResolverRegistry$FreeMarkerRegistration done
Event: 262.200 loading class org/springframework/web/servlet/config/annotation/ViewResolverRegistry$ScriptRegistration
Event: 262.200 loading class org/springframework/web/servlet/config/annotation/ViewResolverRegistry$ScriptRegistration done
Event: 262.257 loading class org/springframework/web/servlet/view/ViewResolverComposite
Event: 262.257 loading class org/springframework/web/servlet/view/ViewResolverComposite done
Event: 262.317 loading class org/springframework/web/servlet/view/DefaultRequestToViewNameTranslator
Event: 262.317 loading class org/springframework/web/servlet/view/DefaultRequestToViewNameTranslator done
Event: 262.389 loading class org/springframework/web/servlet/view/AbstractUrlBasedView
Event: 262.389 loading class org/springframework/web/servlet/view/AbstractUrlBasedView done
Event: 262.399 loading class org/springframework/web/servlet/view/AbstractView
Event: 262.399 loading class org/springframework/web/servlet/view/AbstractView done


Dynamic libraries:
0x00007ff6a7a00000 - 0x00007ff6a7a10000 	C:\Program Files\Java\jdk-17.0.1\bin\java.exe
0x00007ff9f9220000 - 0x00007ff9f9429000 	C:\WINDOWS\SYSTEM32\ntdll.dll
0x00007ff9f8130000 - 0x00007ff9f81ed000 	C:\WINDOWS\System32\KERNEL32.DLL
0x00007ff9f6710000 - 0x00007ff9f6a84000 	C:\WINDOWS\System32\KERNELBASE.dll
0x00007ff9f6db0000 - 0x00007ff9f6ec1000 	C:\WINDOWS\System32\ucrtbase.dll
0x00007ff9f19e0000 - 0x00007ff9f19fa000 	C:\Program Files\Java\jdk-17.0.1\bin\VCRUNTIME140.dll
0x00007ff9f1890000 - 0x00007ff9f18a8000 	C:\Program Files\Java\jdk-17.0.1\bin\jli.dll
0x00007ff9f75e0000 - 0x00007ff9f768e000 	C:\WINDOWS\System32\ADVAPI32.dll
0x00007ff9f7fe0000 - 0x00007ff9f8083000 	C:\WINDOWS\System32\msvcrt.dll
0x00007ff9f8090000 - 0x00007ff9f812e000 	C:\WINDOWS\System32\sechost.dll
0x00007ff9f7760000 - 0x00007ff9f7880000 	C:\WINDOWS\System32\RPCRT4.dll
0x00007ff9f7e30000 - 0x00007ff9f7fdc000 	C:\WINDOWS\System32\USER32.dll
0x00007ff9da960000 - 0x00007ff9dac05000 	C:\WINDOWS\WinSxS\amd64_microsoft.windows.common-controls_6595b64144ccf1df_6.0.22000.120_none_9d947278b86cc467\COMCTL32.dll
0x00007ff9f7090000 - 0x00007ff9f70b6000 	C:\WINDOWS\System32\win32u.dll
0x00007ff9f8670000 - 0x00007ff9f8699000 	C:\WINDOWS\System32\GDI32.dll
0x00007ff9f6f70000 - 0x00007ff9f7082000 	C:\WINDOWS\System32\gdi32full.dll
0x00007ff9f0e50000 - 0x00007ff9f0e5a000 	C:\WINDOWS\SYSTEM32\VERSION.dll
0x00007ff9f6ed0000 - 0x00007ff9f6f6d000 	C:\WINDOWS\System32\msvcp_win.dll
0x00007ff9f7130000 - 0x00007ff9f7161000 	C:\WINDOWS\System32\IMM32.DLL
0x00007ff9f23d0000 - 0x00007ff9f23dc000 	C:\Program Files\Java\jdk-17.0.1\bin\vcruntime140_1.dll
0x00007ff9f0550000 - 0x00007ff9f05dd000 	C:\Program Files\Java\jdk-17.0.1\bin\msvcp140.dll
0x00007ff99f730000 - 0x00007ff9a02ee000 	C:\Program Files\Java\jdk-17.0.1\bin\server\jvm.dll
0x00007ff9f7120000 - 0x00007ff9f7128000 	C:\WINDOWS\System32\PSAPI.DLL
0x00007ff9f0410000 - 0x00007ff9f0443000 	C:\WINDOWS\SYSTEM32\WINMM.dll
0x00007ff9d2600000 - 0x00007ff9d2609000 	C:\WINDOWS\SYSTEM32\WSOCK32.dll
0x00007ff9f81f0000 - 0x00007ff9f825f000 	C:\WINDOWS\System32\WS2_32.dll
0x00007ff9f5900000 - 0x00007ff9f5918000 	C:\WINDOWS\SYSTEM32\kernel.appcore.dll
0x00007ff9f1a90000 - 0x00007ff9f1a9a000 	C:\Program Files\Java\jdk-17.0.1\bin\jimage.dll
0x00007ff9f4190000 - 0x00007ff9f43b1000 	C:\WINDOWS\SYSTEM32\DBGHELP.DLL
0x00007ff9d61e0000 - 0x00007ff9d6211000 	C:\WINDOWS\SYSTEM32\dbgcore.DLL
0x00007ff9f6a90000 - 0x00007ff9f6b0f000 	C:\WINDOWS\System32\bcryptPrimitives.dll
0x00007ff9d5340000 - 0x00007ff9d537b000 	C:\Program Files\Java\jdk-17.0.1\bin\jdwp.dll
0x00007ff9db510000 - 0x00007ff9db51e000 	C:\Program Files\Java\jdk-17.0.1\bin\instrument.dll
0x00007ff9f04f0000 - 0x00007ff9f0515000 	C:\Program Files\Java\jdk-17.0.1\bin\java.dll
0x00007ff9da6c0000 - 0x00007ff9da6d8000 	C:\Program Files\Java\jdk-17.0.1\bin\zip.dll
0x00007ff9d1330000 - 0x00007ff9d1406000 	C:\Program Files\Java\jdk-17.0.1\bin\svml.dll
0x00007ff9f8a30000 - 0x00007ff9f91de000 	C:\WINDOWS\System32\SHELL32.dll
0x00007ff9f4890000 - 0x00007ff9f50f8000 	C:\WINDOWS\SYSTEM32\windows.storage.dll
0x00007ff9f7aa0000 - 0x00007ff9f7e18000 	C:\WINDOWS\System32\combase.dll
0x00007ff9f4720000 - 0x00007ff9f4886000 	C:\WINDOWS\SYSTEM32\wintypes.dll
0x00007ff9f8260000 - 0x00007ff9f834a000 	C:\WINDOWS\System32\SHCORE.dll
0x00007ff9f70c0000 - 0x00007ff9f711d000 	C:\WINDOWS\System32\shlwapi.dll
0x00007ff9f6640000 - 0x00007ff9f6661000 	C:\WINDOWS\SYSTEM32\profapi.dll
0x00007ff9da6f0000 - 0x00007ff9da6fc000 	C:\Program Files\Java\jdk-17.0.1\bin\dt_socket.dll
0x00007ff9f5430000 - 0x00007ff9f545d000 	C:\WINDOWS\SYSTEM32\IPHLPAPI.DLL
0x00007ff9f5d30000 - 0x00007ff9f5d97000 	C:\WINDOWS\system32\mswsock.dll
0x00007ff9efb70000 - 0x00007ff9efb89000 	C:\Program Files\Java\jdk-17.0.1\bin\net.dll
0x00007ff9eff60000 - 0x00007ff9f006c000 	C:\WINDOWS\SYSTEM32\WINHTTP.dll
0x00007ff9db520000 - 0x00007ff9db535000 	C:\Program Files\Java\jdk-17.0.1\bin\nio.dll
0x00007ff9efb60000 - 0x00007ff9efb70000 	C:\Program Files\Java\jdk-17.0.1\bin\verify.dll
0x00007ff9da670000 - 0x00007ff9da679000 	C:\Program Files\Java\jdk-17.0.1\bin\management.dll
0x00007ff9d9f50000 - 0x00007ff9d9f5b000 	C:\Program Files\Java\jdk-17.0.1\bin\management_ext.dll
0x00007ff9d6410000 - 0x00007ff9d6427000 	C:\WINDOWS\system32\napinsp.dll
0x00007ff9d64a0000 - 0x00007ff9d64bb000 	C:\WINDOWS\system32\pnrpnsp.dll
0x00007ff9f54a0000 - 0x00007ff9f5587000 	C:\WINDOWS\SYSTEM32\DNSAPI.dll
0x00007ff9f7e20000 - 0x00007ff9f7e29000 	C:\WINDOWS\System32\NSI.dll
0x00007ff9d6480000 - 0x00007ff9d6492000 	C:\WINDOWS\System32\winrnr.dll
0x00007ff9eee90000 - 0x00007ff9eeea5000 	C:\WINDOWS\system32\wshbth.dll
0x00007ff9d63f0000 - 0x00007ff9d640f000 	C:\WINDOWS\system32\nlansp_c.dll
0x00007ff9db470000 - 0x00007ff9db47a000 	C:\Windows\System32\rasadhlp.dll
0x00007ff9edbe0000 - 0x00007ff9edc61000 	C:\WINDOWS\System32\fwpuclnt.dll
0x00007ff9f5f70000 - 0x00007ff9f5f88000 	C:\WINDOWS\SYSTEM32\CRYPTSP.dll
0x00007ff9f5860000 - 0x00007ff9f5895000 	C:\WINDOWS\system32\rsaenh.dll
0x00007ff9f5e20000 - 0x00007ff9f5e49000 	C:\WINDOWS\SYSTEM32\USERENV.dll
0x00007ff9f60f0000 - 0x00007ff9f6117000 	C:\WINDOWS\SYSTEM32\bcrypt.dll
0x00007ff9f5f90000 - 0x00007ff9f5f9c000 	C:\WINDOWS\SYSTEM32\CRYPTBASE.dll
0x00007ff9efda0000 - 0x00007ff9efdb9000 	C:\WINDOWS\SYSTEM32\dhcpcsvc6.DLL
0x00007ff9f03f0000 - 0x00007ff9f040e000 	C:\WINDOWS\SYSTEM32\dhcpcsvc.DLL
0x00007ff9d9f40000 - 0x00007ff9d9f4e000 	C:\Program Files\Java\jdk-17.0.1\bin\sunmscapi.dll
0x00007ff9f6b10000 - 0x00007ff9f6c72000 	C:\WINDOWS\System32\CRYPT32.dll
0x00007ff9f60c0000 - 0x00007ff9f60e8000 	C:\WINDOWS\SYSTEM32\ncrypt.dll
0x00007ff9f6080000 - 0x00007ff9f60b7000 	C:\WINDOWS\SYSTEM32\NTASN1.dll

dbghelp: loaded successfully - version: 4.0.5 - missing functions: none
symbol engine: initialized successfully - sym options: 0x614 - pdb path: .;C:\Program Files\Java\jdk-17.0.1\bin;C:\WINDOWS\SYSTEM32;C:\WINDOWS\WinSxS\amd64_microsoft.windows.common-controls_6595b64144ccf1df_6.0.22000.120_none_9d947278b86cc467;C:\Program Files\Java\jdk-17.0.1\bin\server

VM Arguments:
jvm_args: -agentlib:jdwp=transport=dt_socket,address=127.0.0.1:52611,suspend=y,server=n -javaagent:C:\Users\micko\AppData\Local\JetBrains\IdeaIC2021.3\captureAgent\debugger-agent.jar -Dfile.encoding=UTF-8 
java_command: com.websovellusprojektiR5.R5_RestAPI.R5RestApiApplication
java_class_path (initial): C:\bin\WebSovellusprojektiR5\target\classes;C:\Users\micko\.m2\repository\org\springframework\boot\spring-boot-starter-data-jpa\2.6.4\spring-boot-starter-data-jpa-2.6.4.jar;C:\Users\micko\.m2\repository\org\springframework\boot\spring-boot-starter-aop\2.6.4\spring-boot-starter-aop-2.6.4.jar;C:\Users\micko\.m2\repository\org\aspectj\aspectjweaver\1.9.7\aspectjweaver-1.9.7.jar;C:\Users\micko\.m2\repository\org\springframework\boot\spring-boot-starter-jdbc\2.6.4\spring-boot-starter-jdbc-2.6.4.jar;C:\Users\micko\.m2\repository\org\springframework\spring-jdbc\5.3.16\spring-jdbc-5.3.16.jar;C:\Users\micko\.m2\repository\jakarta\transaction\jakarta.transaction-api\1.3.3\jakarta.transaction-api-1.3.3.jar;C:\Users\micko\.m2\repository\jakarta\persistence\jakarta.persistence-api\2.2.3\jakarta.persistence-api-2.2.3.jar;C:\Users\micko\.m2\repository\org\hibernate\hibernate-core\5.6.5.Final\hibernate-core-5.6.5.Final.jar;C:\Users\micko\.m2\repository\org\jboss\logging\jboss-logging\3.4.3.Final\jboss-logging-3.4.3.Final.jar;C:\Users\micko\.m2\repository\net\bytebuddy\byte-buddy\1.11.22\byte-buddy-1.11.22.jar;C:\Users\micko\.m2\repository\antlr\antlr\2.7.7\antlr-2.7.7.jar;C:\Users\micko\.m2\repository\org\jboss\jandex\2.4.2.Final\jandex-2.4.2.Final.jar;C:\Users\micko\.m2\repository\com\fasterxml\classmate\1.5.1\classmate-1.5.1.jar;C:\Users\micko\.m2\repository\org\hibernate\common\hibernate-commons-annotations\5.1.2.Final\hibernate-commons-annotations-5.1.2.Final.jar;C:\Users\micko\.m2\repository\org\glassfish\jaxb\jaxb-runtime\2.3.6\jaxb-runtime-2.3.6.jar;C:\Users\micko\.m2\repository\org\glassfish\jaxb\txw2\2.3.6\txw2-2.3.6.jar;C:\Users\micko\.m2\repository\com\sun\istack\istack-commons-runtime\3.0.12\istack-commons-runtime-3.0.12.jar;C:\Users\micko\.m2\repository\com\sun\activation\jakarta.activation\1.2.2\jakarta.activation-1.2.2.jar;C:\Users\micko\.m2\repository\org\springframework\data\spring-data-jpa\2.6.2\spring-data-jpa-2.6.2.jar;C:\Users\micko
Launcher Type: SUN_STANDARD

[Global flags]
     intx CICompilerCount                          = 4                                         {product} {ergonomic}
     uint ConcGCThreads                            = 2                                         {product} {ergonomic}
     uint G1ConcRefinementThreads                  = 8                                         {product} {ergonomic}
   size_t G1HeapRegionSize                         = 2097152                                   {product} {ergonomic}
    uintx GCDrainStackTargetSize                   = 64                                        {product} {ergonomic}
   size_t InitialHeapSize                          = 266338304                                 {product} {ergonomic}
   size_t MarkStackSize                            = 4194304                                   {product} {ergonomic}
   size_t MaxHeapSize                              = 4253024256                                {product} {ergonomic}
   size_t MaxNewSize                               = 2550136832                                {product} {ergonomic}
   size_t MinHeapDeltaBytes                        = 2097152                                   {product} {ergonomic}
   size_t MinHeapSize                              = 8388608                                   {product} {ergonomic}
    uintx NonNMethodCodeHeapSize                   = 5839372                                {pd product} {ergonomic}
    uintx NonProfiledCodeHeapSize                  = 122909434                              {pd product} {ergonomic}
    uintx ProfiledCodeHeapSize                     = 122909434                              {pd product} {ergonomic}
    uintx ReservedCodeCacheSize                    = 251658240                              {pd product} {ergonomic}
     bool SegmentedCodeCache                       = true                                      {product} {ergonomic}
   size_t SoftMaxHeapSize                          = 4253024256                             {manageable} {ergonomic}
     bool UseCompressedClassPointers               = true                           {product lp64_product} {ergonomic}
     bool UseCompressedOops                        = true                           {product lp64_product} {ergonomic}
     bool UseG1GC                                  = true                                      {product} {ergonomic}
     bool UseLargePagesIndividualAllocation        = false                                  {pd product} {ergonomic}

Logging:
Log output configuration:
 #0: stdout all=warning uptime,level,tags
 #1: stderr all=off uptime,level,tags

Environment Variables:
PATH=C:\Program Files\Common Files\Oracle\Java\javapath;C:\Python39\Scripts\;C:\Python39\;C:\WINDOWS\system32;C:\WINDOWS;C:\WINDOWS\System32\Wbem;C:\WINDOWS\System32\WindowsPowerShell\v1.0\;C:\WINDOWS\System32\OpenSSH\;C:\Program Files\Microsoft SQL Server\130\Tools\Binn\;C:\Program Files (x86)\PuTTY\;C:\Program Files (x86)\Microsoft SQL Server\150\DTS\Binn\;C:\Program Files\Azure Data Studio\bin;C:\Program Files\Git\cmd;C:\ProgramData\chocolatey\bin;C:\Program Files\nodejs\;C:\Program Files\Amazon\AWSCLIV2\;C:\Users\micko\AppData\Local\Microsoft\WindowsApps;;C:\Users\micko\AppData\Local\Programs\Microsoft VS Code\bin;C:\Program Files\Azure Data Studio\bin;C:\Users\micko\AppData\Roaming\npm;C:\Program Files\JetBrains\IntelliJ IDEA Community Edition 2021.3.1\bin;;C:\Program Files\heroku\bin
USERNAME=micko
OS=Windows_NT
PROCESSOR_IDENTIFIER=Intel64 Family 6 Model 142 Stepping 12, GenuineIntel



---------------  S Y S T E M  ---------------

OS:
 Windows 10 , 64 bit Build 22000 (10.0.22000.434)
OS uptime: 2 days 15:24 hours

CPU: total 8 (initial active 8) (4 cores per cpu, 2 threads per core) family 6 model 142 stepping 12 microcode 0xec, cx8, cmov, fxsr, ht, mmx, 3dnowpref, sse, sse2, sse3, ssse3, sse4.1, sse4.2, popcnt, lzcnt, tsc, tscinvbit, avx, avx2, aes, erms, clmul, bmi1, bmi2, adx, fma, vzeroupper, clflush, clflushopt

Memory: 4k page, system-wide physical 16221M (310M free)
TotalPageFile size 46583M (AvailPageFile size 0M)
current process WorkingSet (physical memory assigned to process): 152M, peak: 208M
current process commit charge ("private bytes"): 213M, peak: 415M

vm_info: Java HotSpot(TM) 64-Bit Server VM (17.0.1+12-LTS-39) for windows-amd64 JRE (17.0.1+12-LTS-39), built on Sep 27 2021 18:41:35 by "mach5one" with MS VC++ 16.8 (VS2019)

END.
